
> cineradar-backend@1.0.0 dev
> tsx watch --env-file=.env src/index.ts

◇ injected env (0) from .env // tip: ⌘ enable debugging { debug: true }
[Redis] Connecté

🚀 CinéRadar API démarrée sur http://127.0.0.1:3003

  Routes disponibles :
  GET  /health
  GET  /api/films?q=
  GET  /api/films/:id
  GET  /api/films/:id/seances
  GET  /api/cinemas?ville=
  GET  /api/cinemas/:id
  GET  /api/cinemas/:id/programme
  GET  /api/search?q=
  POST /admin/scrape

✅ Job de scraping planifié : "0 6 * * *" (Europe/Paris)
[20:21:55.371] [32mINFO[39m (9816): [36mServer listening at http://127.0.0.1:3003[39m
prisma:query 
        SELECT id FROM "Film"
        WHERE EXISTS (
          SELECT 1 FROM unnest(acteurs) AS a
          WHERE a ILIKE $1
        )
      
prisma:query SELECT "public"."Film"."id", "public"."Film"."titre", "public"."Film"."titreOriginal", "public"."Film"."synopsis", "public"."Film"."affiche", "public"."Film"."duree", "public"."Film"."genres", "public"."Film"."realisateur", "public"."Film"."acteurs", "public"."Film"."annee", "public"."Film"."tmdbId", "public"."Film"."imdbId", "public"."Film"."tmdbPopularite", "public"."Film"."tmdbNote", "public"."Film"."imdbNote", "public"."Film"."imdbVotes", "public"."Film"."createdAt", "public"."Film"."updatedAt", COALESCE("aggr_selection_0_Seance"."_aggr_count_seances", 0) AS "_aggr_count_seances" FROM "public"."Film" LEFT JOIN (SELECT "public"."Seance"."filmId", COUNT(*) AS "_aggr_count_seances" FROM "public"."Seance" WHERE "public"."Seance"."dateHeure" >= $1 GROUP BY "public"."Seance"."filmId") AS "aggr_selection_0_Seance" ON ("public"."Film"."id" = "aggr_selection_0_Seance"."filmId") WHERE ("public"."Film"."titre" ILIKE $2 OR "public"."Film"."titreOriginal" ILIKE $3 OR "public"."Film"."realisateur" ILIKE $4 OR "public"."Film"."id" IN ($5,$6,$7,$8,$9,$10,$11,$12,$13,$14,$15,$16,$17,$18,$19,$20,$21,$22,$23,$24,$25,$26,$27,$28)) ORDER BY "public"."Film"."titre" ASC LIMIT $29 OFFSET $30
[20:22:14.287] [32mINFO[39m (9816): [36mincoming request[39m
    reqId: "req-1"
    req: {
      "method": "GET",
      "url": "/api/films?q=DiCaprio",
      "hostname": "localhost:3003",
      "remoteAddress": "127.0.0.1",
      "remotePort": 61753
    }
[20:22:14.435] [32mINFO[39m (9816): [36mrequest completed[39m
    reqId: "req-1"
    res: {
      "statusCode": 200
    }
    responseTime: 147.82190001010895
prisma:query SELECT 1
prisma:query SELECT "public"."Film"."id", "public"."Film"."titre", "public"."Film"."titreOriginal", "public"."Film"."synopsis", "public"."Film"."affiche", "public"."Film"."duree", "public"."Film"."genres", "public"."Film"."realisateur", "public"."Film"."acteurs", "public"."Film"."annee", "public"."Film"."tmdbId", "public"."Film"."imdbId", "public"."Film"."tmdbPopularite", "public"."Film"."tmdbNote", "public"."Film"."imdbNote", "public"."Film"."imdbVotes", "public"."Film"."createdAt", "public"."Film"."updatedAt", COALESCE("aggr_selection_0_Seance"."_aggr_count_seances", 0) AS "_aggr_count_seances" FROM "public"."Film" LEFT JOIN (SELECT "public"."Seance"."filmId", COUNT(*) AS "_aggr_count_seances" FROM "public"."Seance" WHERE ("public"."Seance"."dateHeure" >= $1 AND "public"."Seance"."dateHeure" <= $2) GROUP BY "public"."Seance"."filmId") AS "aggr_selection_0_Seance" ON ("public"."Film"."id" = "aggr_selection_0_Seance"."filmId") WHERE ("public"."Film"."id") IN (SELECT "t1"."filmId" FROM "public"."Seance" AS "t1" WHERE ("t1"."dateHeure" >= $3 AND "t1"."dateHeure" <= $4 AND "t1"."filmId" IS NOT NULL)) OFFSET $5
prisma:query SELECT "public"."Film"."id", "public"."Film"."titre", "public"."Film"."titreOriginal", "public"."Film"."synopsis", "public"."Film"."affiche", "public"."Film"."duree", "public"."Film"."genres", "public"."Film"."realisateur", "public"."Film"."acteurs", "public"."Film"."annee", "public"."Film"."tmdbId", "public"."Film"."imdbId", "public"."Film"."tmdbPopularite", "public"."Film"."tmdbNote", "public"."Film"."imdbNote", "public"."Film"."imdbVotes", "public"."Film"."createdAt", "public"."Film"."updatedAt" FROM "public"."Film" WHERE "public"."Film"."annee" >= $1 ORDER BY "public"."Film"."tmdbPopularite" DESC LIMIT $2 OFFSET $3
prisma:query SELECT "public"."Film"."id", "public"."Film"."titre", "public"."Film"."titreOriginal", "public"."Film"."synopsis", "public"."Film"."affiche", "public"."Film"."duree", "public"."Film"."genres", "public"."Film"."realisateur", "public"."Film"."acteurs", "public"."Film"."annee", "public"."Film"."tmdbId", "public"."Film"."imdbId", "public"."Film"."tmdbPopularite", "public"."Film"."tmdbNote", "public"."Film"."imdbNote", "public"."Film"."imdbVotes", "public"."Film"."createdAt", "public"."Film"."updatedAt", COALESCE("aggr_selection_0_Seance"."_aggr_count_seances", 0) AS "_aggr_count_seances" FROM "public"."Film" LEFT JOIN (SELECT "public"."Seance"."filmId", COUNT(*) AS "_aggr_count_seances" FROM "public"."Seance" WHERE ("public"."Seance"."dateHeure" >= $1 AND "public"."Seance"."dateHeure" <= $2) GROUP BY "public"."Seance"."filmId") AS "aggr_selection_0_Seance" ON ("public"."Film"."id" = "aggr_selection_0_Seance"."filmId") WHERE ("public"."Film"."annee" <= $3 AND ("public"."Film"."id") IN (SELECT "t1"."filmId" FROM "public"."Seance" AS "t1" WHERE ("t1"."dateHeure" >= $4 AND "t1"."dateHeure" <= $5 AND "t1"."filmId" IS NOT NULL))) OFFSET $6
prisma:query SELECT COUNT(*) FROM (SELECT "public"."Cinema"."id" FROM "public"."Cinema" WHERE 1=1 OFFSET $1) AS "sub"
prisma:query SELECT COUNT(*) FROM (SELECT "public"."Film"."id" FROM "public"."Film" WHERE 1=1 OFFSET $1) AS "sub"
prisma:query SELECT COUNT(*) FROM (SELECT "public"."Seance"."id" FROM "public"."Seance" WHERE "public"."Seance"."dateHeure" >= $1 OFFSET $2) AS "sub"
prisma:query SELECT "public"."Cinema"."id", "public"."Cinema"."nom", "public"."Cinema"."adresse", "public"."Cinema"."ville", "public"."Cinema"."codePostal", "public"."Cinema"."latitude", "public"."Cinema"."longitude", "public"."Cinema"."siteWeb", "public"."Cinema"."telephone", "public"."Cinema"."chaine", "public"."Cinema"."createdAt", "public"."Cinema"."updatedAt", COALESCE("aggr_selection_0_Salle"."_aggr_count_salles", 0) AS "_aggr_count_salles" FROM "public"."Cinema" LEFT JOIN (SELECT "public"."Salle"."cinemaId", COUNT(*) AS "_aggr_count_salles" FROM "public"."Salle" WHERE 1=1 GROUP BY "public"."Salle"."cinemaId") AS "aggr_selection_0_Salle" ON ("public"."Cinema"."id" = "aggr_selection_0_Salle"."cinemaId") WHERE "public"."Cinema"."ville" ILIKE $1 ORDER BY "public"."Cinema"."nom" ASC OFFSET $2
prisma:query SELECT "public"."Salle"."id", "public"."Salle"."nom", "public"."Salle"."capacite", "public"."Salle"."cinemaId", COALESCE("aggr_selection_0_Seance"."_aggr_count_seances", 0) AS "_aggr_count_seances" FROM "public"."Salle" LEFT JOIN (SELECT "public"."Seance"."salleId", COUNT(*) AS "_aggr_count_seances" FROM "public"."Seance" WHERE ("public"."Seance"."dateHeure" >= $1 AND "public"."Seance"."dateHeure" <= $2) GROUP BY "public"."Seance"."salleId") AS "aggr_selection_0_Seance" ON ("public"."Salle"."id" = "aggr_selection_0_Seance"."salleId") WHERE "public"."Salle"."cinemaId" IN ($3,$4,$5,$6,$7,$8,$9,$10,$11,$12,$13,$14,$15,$16,$17,$18,$19,$20,$21,$22,$23,$24,$25,$26,$27,$28,$29,$30,$31,$32,$33,$34,$35) OFFSET $36
[20:22:42.624] [32mINFO[39m (9816): [36mincoming request[39m
    reqId: "req-2"
    req: {
      "method": "GET",
      "url": "/api/films/trending",
      "hostname": "localhost:3003",
      "remoteAddress": "127.0.0.1",
      "remotePort": 57794
    }
[20:22:42.624] [32mINFO[39m (9816): [36mincoming request[39m
    reqId: "req-3"
    req: {
      "method": "GET",
      "url": "/api/films/classics",
      "hostname": "localhost:3003",
      "remoteAddress": "127.0.0.1",
      "remotePort": 57795
    }
[20:22:42.625] [32mINFO[39m (9816): [36mincoming request[39m
    reqId: "req-4"
    req: {
      "method": "GET",
      "url": "/api/cinemas?ville=Paris",
      "hostname": "localhost:3003",
      "remoteAddress": "127.0.0.1",
      "remotePort": 57796
    }
[20:22:42.626] [32mINFO[39m (9816): [36mincoming request[39m
    reqId: "req-5"
    req: {
      "method": "GET",
      "url": "/api/stats",
      "hostname": "localhost:3003",
      "remoteAddress": "127.0.0.1",
      "remotePort": 57797
    }
[20:22:42.644] [32mINFO[39m (9816): [36mrequest completed[39m
    reqId: "req-2"
    res: {
      "statusCode": 200
    }
    responseTime: 20.846699997782707
[20:22:42.701] [32mINFO[39m (9816): [36mrequest completed[39m
    reqId: "req-3"
    res: {
      "statusCode": 200
    }
    responseTime: 76.4074999988079
[20:22:42.725] [32mINFO[39m (9816): [36mrequest completed[39m
    reqId: "req-5"
    res: {
      "statusCode": 200
    }
    responseTime: 98.54469999670982
[20:22:42.734] [32mINFO[39m (9816): [36mrequest completed[39m
    reqId: "req-4"
    res: {
      "statusCode": 200
    }
    responseTime: 108.71869999170303
prisma:query SELECT 1
prisma:query SELECT 1
prisma:query SELECT "public"."Cinema"."id", "public"."Cinema"."nom", "public"."Cinema"."adresse", "public"."Cinema"."ville", "public"."Cinema"."codePostal", "public"."Cinema"."latitude", "public"."Cinema"."longitude", "public"."Cinema"."siteWeb", "public"."Cinema"."telephone", "public"."Cinema"."chaine", "public"."Cinema"."createdAt", "public"."Cinema"."updatedAt", COALESCE("aggr_selection_0_Salle"."_aggr_count_salles", 0) AS "_aggr_count_salles" FROM "public"."Cinema" LEFT JOIN (SELECT "public"."Salle"."cinemaId", COUNT(*) AS "_aggr_count_salles" FROM "public"."Salle" WHERE 1=1 GROUP BY "public"."Salle"."cinemaId") AS "aggr_selection_0_Salle" ON ("public"."Cinema"."id" = "aggr_selection_0_Salle"."cinemaId") WHERE ("public"."Cinema"."nom" ILIKE $1 OR "public"."Cinema"."ville" ILIKE $2 OR "public"."Cinema"."chaine" ILIKE $3) ORDER BY "public"."Cinema"."nom" ASC LIMIT $4 OFFSET $5
prisma:query 
        SELECT id FROM "Film"
        WHERE EXISTS (
          SELECT 1 FROM unnest(acteurs) AS a
          WHERE a ILIKE $1
        )
      
prisma:query SELECT "public"."Film"."id", "public"."Film"."titre", "public"."Film"."titreOriginal", "public"."Film"."synopsis", "public"."Film"."affiche", "public"."Film"."duree", "public"."Film"."genres", "public"."Film"."realisateur", "public"."Film"."acteurs", "public"."Film"."annee", "public"."Film"."tmdbId", "public"."Film"."imdbId", "public"."Film"."tmdbPopularite", "public"."Film"."tmdbNote", "public"."Film"."imdbNote", "public"."Film"."imdbVotes", "public"."Film"."createdAt", "public"."Film"."updatedAt", COALESCE("aggr_selection_0_Seance"."_aggr_count_seances", 0) AS "_aggr_count_seances" FROM "public"."Film" LEFT JOIN (SELECT "public"."Seance"."filmId", COUNT(*) AS "_aggr_count_seances" FROM "public"."Seance" WHERE "public"."Seance"."dateHeure" >= $1 GROUP BY "public"."Seance"."filmId") AS "aggr_selection_0_Seance" ON ("public"."Film"."id" = "aggr_selection_0_Seance"."filmId") WHERE ("public"."Film"."titre" ILIKE $2 OR "public"."Film"."titreOriginal" ILIKE $3 OR "public"."Film"."realisateur" ILIKE $4) ORDER BY "public"."Film"."titre" ASC LIMIT $5 OFFSET $6
[20:23:18.124] [32mINFO[39m (9816): [36mincoming request[39m
    reqId: "req-6"
    req: {
      "method": "GET",
      "url": "/api/search?q=leonardo%20di%20caprio",
      "hostname": "localhost:3003",
      "remoteAddress": "127.0.0.1",
      "remotePort": 57794
    }
[20:23:18.160] [32mINFO[39m (9816): [36mrequest completed[39m
    reqId: "req-6"
    res: {
      "statusCode": 200
    }
    responseTime: 35.12210001051426
[20:27:04.132] [32mINFO[39m (9816): [36mincoming request[39m
    reqId: "req-7"
    req: {
      "method": "GET",
      "url": "/api/films/classics",
      "hostname": "localhost:3003",
      "remoteAddress": "127.0.0.1",
      "remotePort": 57915
    }
[20:27:04.133] [32mINFO[39m (9816): [36mincoming request[39m
    reqId: "req-8"
    req: {
      "method": "GET",
      "url": "/api/films/trending",
      "hostname": "localhost:3003",
      "remoteAddress": "127.0.0.1",
      "remotePort": 57916
    }
[20:27:04.133] [32mINFO[39m (9816): [36mincoming request[39m
    reqId: "req-9"
    req: {
      "method": "GET",
      "url": "/api/cinemas?ville=Paris",
      "hostname": "localhost:3003",
      "remoteAddress": "127.0.0.1",
      "remotePort": 57917
    }
[20:27:04.134] [32mINFO[39m (9816): [36mrequest completed[39m
    reqId: "req-7"
    res: {
      "statusCode": 200
    }
    responseTime: 1.1182000041007996
[20:27:04.134] [32mINFO[39m (9816): [36mrequest completed[39m
    reqId: "req-8"
    res: {
      "statusCode": 200
    }
    responseTime: 1.1691000014543533
[20:27:04.134] [32mINFO[39m (9816): [36mrequest completed[39m
    reqId: "req-9"
    res: {
      "statusCode": 200
    }
    responseTime: 1.0388000011444092
[20:27:04.140] [32mINFO[39m (9816): [36mincoming request[39m
    reqId: "req-a"
    req: {
      "method": "GET",
      "url": "/api/stats",
      "hostname": "localhost:3003",
      "remoteAddress": "127.0.0.1",
      "remotePort": 57918
    }
[20:27:04.141] [32mINFO[39m (9816): [36mrequest completed[39m
    reqId: "req-a"
    res: {
      "statusCode": 200
    }
    responseTime: 0.5919000059366226
prisma:query SELECT "public"."Film"."id", "public"."Film"."titre", "public"."Film"."titreOriginal", "public"."Film"."synopsis", "public"."Film"."affiche", "public"."Film"."duree", "public"."Film"."genres", "public"."Film"."realisateur", "public"."Film"."acteurs", "public"."Film"."annee", "public"."Film"."tmdbId", "public"."Film"."imdbId", "public"."Film"."tmdbPopularite", "public"."Film"."tmdbNote", "public"."Film"."imdbNote", "public"."Film"."imdbVotes", "public"."Film"."createdAt", "public"."Film"."updatedAt", COALESCE("aggr_selection_0_Seance"."_aggr_count_seances", 0) AS "_aggr_count_seances" FROM "public"."Film" LEFT JOIN (SELECT "public"."Seance"."filmId", COUNT(*) AS "_aggr_count_seances" FROM "public"."Seance" WHERE "public"."Seance"."dateHeure" >= $1 GROUP BY "public"."Seance"."filmId") AS "aggr_selection_0_Seance" ON ("public"."Film"."id" = "aggr_selection_0_Seance"."filmId") WHERE "public"."Film"."annee" <= $2 ORDER BY "public"."Film"."realisateur" ASC, "public"."Film"."annee" ASC OFFSET $3
[20:27:51.516] [32mINFO[39m (9816): [36mincoming request[39m
    reqId: "req-b"
    req: {
      "method": "GET",
      "url": "/api/films/all-classics",
      "hostname": "localhost:3003",
      "remoteAddress": "127.0.0.1",
      "remotePort": 57915
    }
[20:27:51.757] [32mINFO[39m (9816): [36mrequest completed[39m
    reqId: "req-b"
    res: {
      "statusCode": 200
    }
    responseTime: 240.88950000703335
[20:27:52.888] [32mINFO[39m (9816): [36mincoming request[39m
    reqId: "req-c"
    req: {
      "method": "GET",
      "url": "/api/films?q=",
      "hostname": "localhost:3003",
      "remoteAddress": "127.0.0.1",
      "remotePort": 57915
    }
[20:27:52.890] [32mINFO[39m (9816): [36mrequest completed[39m
    reqId: "req-c"
    res: {
      "statusCode": 200
    }
    responseTime: 1.86039999127388
[20:28:44.377] [32mINFO[39m (9816): [36mincoming request[39m
    reqId: "req-d"
    req: {
      "method": "GET",
      "url": "/api/films/all-classics",
      "hostname": "localhost:3003",
      "remoteAddress": "127.0.0.1",
      "remotePort": 57915
    }
[20:28:44.421] [32mINFO[39m (9816): [36mrequest completed[39m
    reqId: "req-d"
    res: {
      "statusCode": 200
    }
    responseTime: 44.68960000574589
[20:29:04.070] [32mINFO[39m (9816): [36mincoming request[39m
    reqId: "req-e"
    req: {
      "method": "GET",
      "url": "/api/cinemas?ville=",
      "hostname": "localhost:3003",
      "remoteAddress": "127.0.0.1",
      "remotePort": 57915
    }
[20:29:04.072] [32mINFO[39m (9816): [36mrequest completed[39m
    reqId: "req-e"
    res: {
      "statusCode": 200
    }
    responseTime: 1.4858999997377396
[20:29:06.020] [32mINFO[39m (9816): [36mincoming request[39m
    reqId: "req-f"
    req: {
      "method": "GET",
      "url": "/api/cinemas/cmoouasi40000uskhzf5h6ycj",
      "hostname": "localhost:3003",
      "remoteAddress": "127.0.0.1",
      "remotePort": 57915
    }
[20:29:06.020] [32mINFO[39m (9816): [36mrequest completed[39m
    reqId: "req-f"
    res: {
      "statusCode": 200
    }
    responseTime: 0.6752000004053116
[20:29:06.024] [32mINFO[39m (9816): [36mincoming request[39m
    reqId: "req-g"
    req: {
      "method": "GET",
      "url": "/api/cinemas/cmoouasi40000uskhzf5h6ycj/programme",
      "hostname": "localhost:3003",
      "remoteAddress": "127.0.0.1",
      "remotePort": 57915
    }
[20:29:06.025] [32mINFO[39m (9816): [36mrequest completed[39m
    reqId: "req-g"
    res: {
      "statusCode": 200
    }
    responseTime: 0.8906999975442886
[20:29:06.437] [32mINFO[39m (9816): [36mincoming request[39m
    reqId: "req-h"
    req: {
      "method": "OPTIONS",
      "url": "/api/profil/benslimene.wassim%40gmail.com",
      "hostname": "localhost:3003",
      "remoteAddress": "127.0.0.1",
      "remotePort": 54296
    }
[20:29:06.438] [32mINFO[39m (9816): [36mrequest completed[39m
    reqId: "req-h"
    res: {
      "statusCode": 204
    }
    responseTime: 0.8035999983549118
[20:29:06.438] [32mINFO[39m (9816): [36mincoming request[39m
    reqId: "req-i"
    req: {
      "method": "OPTIONS",
      "url": "/api/profil/benslimene.wassim%40gmail.com",
      "hostname": "localhost:3003",
      "remoteAddress": "127.0.0.1",
      "remotePort": 54402
    }
[20:29:06.438] [32mINFO[39m (9816): [36mrequest completed[39m
    reqId: "req-i"
    res: {
      "statusCode": 204
    }
    responseTime: 0.19359999895095825
[20:29:06.440] [32mINFO[39m (9816): [36mincoming request[39m
    reqId: "req-j"
    req: {
      "method": "GET",
      "url": "/api/profil/benslimene.wassim%40gmail.com",
      "hostname": "localhost:3003",
      "remoteAddress": "127.0.0.1",
      "remotePort": 54402
    }
[20:29:06.484] [32mINFO[39m (9816): [36mrequest completed[39m
    reqId: "req-j"
    res: {
      "statusCode": 200
    }
    responseTime: 43.87349998950958
[20:29:06.484] [32mINFO[39m (9816): [36mincoming request[39m
    reqId: "req-k"
    req: {
      "method": "GET",
      "url": "/api/profil/benslimene.wassim%40gmail.com",
      "hostname": "localhost:3003",
      "remoteAddress": "127.0.0.1",
      "remotePort": 54296
    }
[20:29:06.493] [32mINFO[39m (9816): [36mrequest completed[39m
    reqId: "req-k"
    res: {
      "statusCode": 200
    }
    responseTime: 8.792500004172325
[20:29:55.441] [32mINFO[39m (9816): [36mincoming request[39m
    reqId: "req-l"
    req: {
      "method": "GET",
      "url": "/api/films/all-classics",
      "hostname": "localhost:3003",
      "remoteAddress": "127.0.0.1",
      "remotePort": 57915
    }
[20:29:55.482] [32mINFO[39m (9816): [36mrequest completed[39m
    reqId: "req-l"
    res: {
      "statusCode": 200
    }
    responseTime: 40.681500002741814
prisma:query SELECT 1
prisma:query SELECT "public"."Film"."id", "public"."Film"."titre", "public"."Film"."titreOriginal", "public"."Film"."synopsis", "public"."Film"."affiche", "public"."Film"."duree", "public"."Film"."genres", "public"."Film"."realisateur", "public"."Film"."acteurs", "public"."Film"."annee", "public"."Film"."tmdbId", "public"."Film"."imdbId", "public"."Film"."tmdbPopularite", "public"."Film"."tmdbNote", "public"."Film"."imdbNote", "public"."Film"."imdbVotes", "public"."Film"."createdAt", "public"."Film"."updatedAt" FROM "public"."Film" WHERE ("public"."Film"."id" = $1 AND 1=1) LIMIT $2 OFFSET $3
prisma:query SELECT "public"."Film"."id", "public"."Film"."titre", "public"."Film"."titreOriginal", "public"."Film"."synopsis", "public"."Film"."affiche", "public"."Film"."duree", "public"."Film"."genres", "public"."Film"."realisateur", "public"."Film"."acteurs", "public"."Film"."annee", "public"."Film"."tmdbId", "public"."Film"."imdbId", "public"."Film"."tmdbPopularite", "public"."Film"."tmdbNote", "public"."Film"."imdbNote", "public"."Film"."imdbVotes", "public"."Film"."createdAt", "public"."Film"."updatedAt" FROM "public"."Film" WHERE ("public"."Film"."id" = $1 AND 1=1) LIMIT $2 OFFSET $3
prisma:query SELECT "public"."Seance"."id", "public"."Seance"."dateHeure", "public"."Seance"."version"::text, "public"."Seance"."format", "public"."Seance"."langue", "public"."Seance"."prix", "public"."Seance"."source", "public"."Seance"."filmId", "public"."Seance"."salleId", "public"."Seance"."createdAt", "public"."Seance"."updatedAt" FROM "public"."Seance" WHERE ("public"."Seance"."filmId" = $1 AND "public"."Seance"."dateHeure" >= $2 AND "public"."Seance"."dateHeure" <= $3) ORDER BY "public"."Seance"."dateHeure" ASC OFFSET $4
prisma:query SELECT "public"."Film"."id", "public"."Film"."titre", "public"."Film"."titreOriginal", "public"."Film"."synopsis", "public"."Film"."affiche", "public"."Film"."duree", "public"."Film"."genres", "public"."Film"."realisateur", "public"."Film"."acteurs", "public"."Film"."annee", "public"."Film"."tmdbId", "public"."Film"."imdbId", "public"."Film"."tmdbPopularite", "public"."Film"."tmdbNote", "public"."Film"."imdbNote", "public"."Film"."imdbVotes", "public"."Film"."createdAt", "public"."Film"."updatedAt" FROM "public"."Film" WHERE ("public"."Film"."id" = $1 AND 1=1) LIMIT $2 OFFSET $3
prisma:query SELECT "public"."Seance"."id", "public"."Seance"."dateHeure" FROM "public"."Seance" WHERE ("public"."Seance"."filmId" = $1 AND "public"."Seance"."dateHeure" >= $2 AND "public"."Seance"."dateHeure" <= $3) OFFSET $4
[20:30:07.214] [32mINFO[39m (9816): [36mincoming request[39m
    reqId: "req-m"
    req: {
      "method": "GET",
      "url": "/api/films/cmoxtujb70057mz9a5f5y5twu",
      "hostname": "localhost:3003",
      "remoteAddress": "127.0.0.1",
      "remotePort": 57915
    }
[20:30:07.217] [32mINFO[39m (9816): [36mrequest completed[39m
    reqId: "req-m"
    res: {
      "statusCode": 200
    }
    responseTime: 2.73369999229908
[20:30:07.224] [32mINFO[39m (9816): [36mincoming request[39m
    reqId: "req-n"
    req: {
      "method": "GET",
      "url": "/api/films/cmoxtujb70057mz9a5f5y5twu/seances",
      "hostname": "localhost:3003",
      "remoteAddress": "127.0.0.1",
      "remotePort": 57915
    }
[20:30:07.225] [32mINFO[39m (9816): [36mincoming request[39m
    reqId: "req-o"
    req: {
      "method": "GET",
      "url": "/api/films/cmoxtujb70057mz9a5f5y5twu/trailer",
      "hostname": "localhost:3003",
      "remoteAddress": "127.0.0.1",
      "remotePort": 53280
    }
[20:30:07.228] [32mINFO[39m (9816): [36mrequest completed[39m
    reqId: "req-n"
    res: {
      "statusCode": 200
    }
    responseTime: 4.280300006270409
[20:30:07.407] [32mINFO[39m (9816): [36mincoming request[39m
    reqId: "req-p"
    req: {
      "method": "GET",
      "url": "/api/films/cmoxtujb70057mz9a5f5y5twu/dates",
      "hostname": "localhost:3003",
      "remoteAddress": "127.0.0.1",
      "remotePort": 54296
    }
[20:30:07.411] [32mINFO[39m (9816): [36mincoming request[39m
    reqId: "req-q"
    req: {
      "method": "OPTIONS",
      "url": "/api/profil/benslimene.wassim%40gmail.com",
      "hostname": "localhost:3003",
      "remoteAddress": "127.0.0.1",
      "remotePort": 54402
    }
[20:30:07.411] [32mINFO[39m (9816): [36mrequest completed[39m
    reqId: "req-q"
    res: {
      "statusCode": 204
    }
    responseTime: 0.16999998688697815
[20:30:07.412] [32mINFO[39m (9816): [36mrequest completed[39m
    reqId: "req-p"
    res: {
      "statusCode": 200
    }
    responseTime: 4.1996999979019165
[20:30:07.412] [32mINFO[39m (9816): [36mincoming request[39m
    reqId: "req-r"
    req: {
      "method": "GET",
      "url": "/api/films/cmoxtujb70057mz9a5f5y5twu/dates",
      "hostname": "localhost:3003",
      "remoteAddress": "127.0.0.1",
      "remotePort": 54402
    }
[20:30:07.413] [32mINFO[39m (9816): [36mincoming request[39m
    reqId: "req-s"
    req: {
      "method": "GET",
      "url": "/api/profil/benslimene.wassim%40gmail.com",
      "hostname": "localhost:3003",
      "remoteAddress": "127.0.0.1",
      "remotePort": 54296
    }
[20:30:07.413] [32mINFO[39m (9816): [36mrequest completed[39m
    reqId: "req-r"
    res: {
      "statusCode": 200
    }
    responseTime: 1.124099999666214
[20:30:07.422] [32mINFO[39m (9816): [36mrequest completed[39m
    reqId: "req-s"
    res: {
      "statusCode": 200
    }
    responseTime: 9.210100010037422
[20:30:08.095] [32mINFO[39m (9816): [36mrequest completed[39m
    reqId: "req-o"
    res: {
      "statusCode": 200
    }
    responseTime: 869.2973999977112
[20:32:51.268] [32mINFO[39m (9816): [36mincoming request[39m
    reqId: "req-t"
    req: {
      "method": "GET",
      "url": "/api/stats",
      "hostname": "localhost:3003",
      "remoteAddress": "127.0.0.1",
      "remotePort": 55607
    }
[20:32:51.270] [32mINFO[39m (9816): [36mrequest completed[39m
    reqId: "req-t"
    res: {
      "statusCode": 200
    }
    responseTime: 1.2851999998092651
[20:33:41.140] [32mINFO[39m (9816): [36mincoming request[39m
    reqId: "req-u"
    req: {
      "method": "GET",
      "url": "/api/films?q=DiCaprio",
      "hostname": "localhost:3003",
      "remoteAddress": "127.0.0.1",
      "remotePort": 55609
    }
[20:33:41.141] [32mINFO[39m (9816): [36mrequest completed[39m
    reqId: "req-u"
    res: {
      "statusCode": 200
    }
    responseTime: 1.3439000099897385
[20:33:41.239] [32mINFO[39m (9816): [36mincoming request[39m
    reqId: "req-v"
    req: {
      "method": "GET",
      "url": "/api/films?q=",
      "hostname": "localhost:3003",
      "remoteAddress": "127.0.0.1",
      "remotePort": 55609
    }
[20:33:41.240] [32mINFO[39m (9816): [36mrequest completed[39m
    reqId: "req-v"
    res: {
      "statusCode": 200
    }
    responseTime: 1.523499995470047
prisma:query SELECT 1
prisma:query SELECT "public"."Film"."id", "public"."Film"."titre", "public"."Film"."titreOriginal", "public"."Film"."synopsis", "public"."Film"."affiche", "public"."Film"."duree", "public"."Film"."genres", "public"."Film"."realisateur", "public"."Film"."acteurs", "public"."Film"."annee", "public"."Film"."tmdbId", "public"."Film"."imdbId", "public"."Film"."tmdbPopularite", "public"."Film"."tmdbNote", "public"."Film"."imdbNote", "public"."Film"."imdbVotes", "public"."Film"."createdAt", "public"."Film"."updatedAt", COALESCE("aggr_selection_0_Seance"."_aggr_count_seances", 0) AS "_aggr_count_seances" FROM "public"."Film" LEFT JOIN (SELECT "public"."Seance"."filmId", COUNT(*) AS "_aggr_count_seances" FROM "public"."Seance" WHERE "public"."Seance"."dateHeure" >= $1 GROUP BY "public"."Seance"."filmId") AS "aggr_selection_0_Seance" ON ("public"."Film"."id" = "aggr_selection_0_Seance"."filmId") WHERE 1=1 ORDER BY "public"."Film"."titre" ASC LIMIT $2 OFFSET $3
[20:35:00.644] [32mINFO[39m (9816): [36mincoming request[39m
    reqId: "req-w"
    req: {
      "method": "GET",
      "url": "/api/films?q=",
      "hostname": "localhost:3003",
      "remoteAddress": "127.0.0.1",
      "remotePort": 54063
    }
[20:35:00.702] [32mINFO[39m (9816): [36mrequest completed[39m
    reqId: "req-w"
    res: {
      "statusCode": 200
    }
    responseTime: 57.37540000677109
