
> cineradar-backend@1.0.0 dev
> tsx watch --env-file=.env src/index.ts

◇ injected env (0) from .env // tip: ⌘ enable debugging { debug: true }
[Redis] Connecté

🚀 CinéRadar API démarrée sur http://127.0.0.1:3003

  Routes disponibles :
  GET  /health
  GET  /api/films?q=
  GET  /api/films/:id
  GET  /api/films/:id/seances
  GET  /api/cinemas?ville=
  GET  /api/cinemas/:id
  GET  /api/cinemas/:id/programme
  GET  /api/search?q=
  POST /admin/scrape

✅ Job de scraping planifié : "0 6 * * *" (Europe/Paris)
[13:46:21.920] [32mINFO[39m (37280): [36mServer listening at http://127.0.0.1:3003[39m
prisma:query SELECT "public"."Film"."id", "public"."Film"."titre", "public"."Film"."titreOriginal", "public"."Film"."synopsis", "public"."Film"."affiche", "public"."Film"."duree", "public"."Film"."genres", "public"."Film"."realisateur", "public"."Film"."acteurs", "public"."Film"."annee", "public"."Film"."tmdbId", "public"."Film"."imdbId", "public"."Film"."tmdbPopularite", "public"."Film"."tmdbNote", "public"."Film"."imdbNote", "public"."Film"."imdbVotes", "public"."Film"."createdAt", "public"."Film"."updatedAt", COALESCE("aggr_selection_0_Seance"."_aggr_count_seances", 0) AS "_aggr_count_seances" FROM "public"."Film" LEFT JOIN (SELECT "public"."Seance"."filmId", COUNT(*) AS "_aggr_count_seances" FROM "public"."Seance" WHERE "public"."Seance"."dateHeure" >= $1 GROUP BY "public"."Seance"."filmId") AS "aggr_selection_0_Seance" ON ("public"."Film"."id" = "aggr_selection_0_Seance"."filmId") WHERE 1=1 ORDER BY "public"."Film"."titre" ASC LIMIT $2 OFFSET $3
prisma:query 
        SELECT id FROM "Film"
        WHERE EXISTS (
          SELECT 1 FROM unnest(acteurs) AS a
          WHERE a ILIKE $1
        )
      
prisma:query SELECT "public"."Film"."id", "public"."Film"."titre", "public"."Film"."titreOriginal", "public"."Film"."synopsis", "public"."Film"."affiche", "public"."Film"."duree", "public"."Film"."genres", "public"."Film"."realisateur", "public"."Film"."acteurs", "public"."Film"."annee", "public"."Film"."tmdbId", "public"."Film"."imdbId", "public"."Film"."tmdbPopularite", "public"."Film"."tmdbNote", "public"."Film"."imdbNote", "public"."Film"."imdbVotes", "public"."Film"."createdAt", "public"."Film"."updatedAt", COALESCE("aggr_selection_0_Seance"."_aggr_count_seances", 0) AS "_aggr_count_seances" FROM "public"."Film" LEFT JOIN (SELECT "public"."Seance"."filmId", COUNT(*) AS "_aggr_count_seances" FROM "public"."Seance" WHERE "public"."Seance"."dateHeure" >= $1 GROUP BY "public"."Seance"."filmId") AS "aggr_selection_0_Seance" ON ("public"."Film"."id" = "aggr_selection_0_Seance"."filmId") WHERE ("public"."Film"."titre" ILIKE $2 OR "public"."Film"."titreOriginal" ILIKE $3 OR "public"."Film"."realisateur" ILIKE $4 OR "public"."Film"."id" IN ($5,$6,$7,$8,$9,$10,$11,$12,$13,$14,$15,$16,$17,$18,$19,$20,$21,$22,$23,$24,$25,$26,$27,$28)) ORDER BY "public"."Film"."titre" ASC LIMIT $29 OFFSET $30
[13:46:45.581] [32mINFO[39m (37280): [36mincoming request[39m
    reqId: "req-1"
    req: {
      "method": "GET",
      "url": "/api/films?q=",
      "hostname": "localhost:3003",
      "remoteAddress": "127.0.0.1",
      "remotePort": 57845
    }
[13:46:45.676] [32mINFO[39m (37280): [36mrequest completed[39m
    reqId: "req-1"
    res: {
      "statusCode": 200
    }
    responseTime: 94.18630003929138
[13:46:45.803] [32mINFO[39m (37280): [36mincoming request[39m
    reqId: "req-2"
    req: {
      "method": "GET",
      "url": "/api/films?q=DiCaprio",
      "hostname": "localhost:3003",
      "remoteAddress": "127.0.0.1",
      "remotePort": 57845
    }
[13:46:46.007] [32mINFO[39m (37280): [36mrequest completed[39m
    reqId: "req-2"
    res: {
      "statusCode": 200
    }
    responseTime: 204.45189994573593
prisma:query SELECT 1
prisma:query SELECT "public"."Film"."id", "public"."Film"."titre", "public"."Film"."titreOriginal", "public"."Film"."synopsis", "public"."Film"."affiche", "public"."Film"."duree", "public"."Film"."genres", "public"."Film"."realisateur", "public"."Film"."acteurs", "public"."Film"."annee", "public"."Film"."tmdbId", "public"."Film"."imdbId", "public"."Film"."tmdbPopularite", "public"."Film"."tmdbNote", "public"."Film"."imdbNote", "public"."Film"."imdbVotes", "public"."Film"."createdAt", "public"."Film"."updatedAt", COALESCE("aggr_selection_0_Seance"."_aggr_count_seances", 0) AS "_aggr_count_seances" FROM "public"."Film" LEFT JOIN (SELECT "public"."Seance"."filmId", COUNT(*) AS "_aggr_count_seances" FROM "public"."Seance" WHERE ("public"."Seance"."dateHeure" >= $1 AND "public"."Seance"."dateHeure" <= $2) GROUP BY "public"."Seance"."filmId") AS "aggr_selection_0_Seance" ON ("public"."Film"."id" = "aggr_selection_0_Seance"."filmId") WHERE ("public"."Film"."annee" <= $3 AND ("public"."Film"."id") IN (SELECT "t1"."filmId" FROM "public"."Seance" AS "t1" WHERE ("t1"."dateHeure" >= $4 AND "t1"."dateHeure" <= $5 AND "t1"."filmId" IS NOT NULL))) OFFSET $6
prisma:query SELECT "public"."Film"."id", "public"."Film"."titre", "public"."Film"."titreOriginal", "public"."Film"."synopsis", "public"."Film"."affiche", "public"."Film"."duree", "public"."Film"."genres", "public"."Film"."realisateur", "public"."Film"."acteurs", "public"."Film"."annee", "public"."Film"."tmdbId", "public"."Film"."imdbId", "public"."Film"."tmdbPopularite", "public"."Film"."tmdbNote", "public"."Film"."imdbNote", "public"."Film"."imdbVotes", "public"."Film"."createdAt", "public"."Film"."updatedAt", COALESCE("aggr_selection_0_Seance"."_aggr_count_seances", 0) AS "_aggr_count_seances" FROM "public"."Film" LEFT JOIN (SELECT "public"."Seance"."filmId", COUNT(*) AS "_aggr_count_seances" FROM "public"."Seance" WHERE ("public"."Seance"."dateHeure" >= $1 AND "public"."Seance"."dateHeure" <= $2) GROUP BY "public"."Seance"."filmId") AS "aggr_selection_0_Seance" ON ("public"."Film"."id" = "aggr_selection_0_Seance"."filmId") WHERE ("public"."Film"."id") IN (SELECT "t1"."filmId" FROM "public"."Seance" AS "t1" WHERE ("t1"."dateHeure" >= $3 AND "t1"."dateHeure" <= $4 AND "t1"."filmId" IS NOT NULL)) OFFSET $5
prisma:query SELECT "public"."Film"."id", "public"."Film"."titre", "public"."Film"."titreOriginal", "public"."Film"."synopsis", "public"."Film"."affiche", "public"."Film"."duree", "public"."Film"."genres", "public"."Film"."realisateur", "public"."Film"."acteurs", "public"."Film"."annee", "public"."Film"."tmdbId", "public"."Film"."imdbId", "public"."Film"."tmdbPopularite", "public"."Film"."tmdbNote", "public"."Film"."imdbNote", "public"."Film"."imdbVotes", "public"."Film"."createdAt", "public"."Film"."updatedAt" FROM "public"."Film" WHERE "public"."Film"."annee" >= $1 ORDER BY "public"."Film"."tmdbPopularite" DESC LIMIT $2 OFFSET $3
prisma:query SELECT COUNT(*) FROM (SELECT "public"."Film"."id" FROM "public"."Film" WHERE 1=1 OFFSET $1) AS "sub"
prisma:query SELECT "public"."Cinema"."id", "public"."Cinema"."nom", "public"."Cinema"."adresse", "public"."Cinema"."ville", "public"."Cinema"."codePostal", "public"."Cinema"."latitude", "public"."Cinema"."longitude", "public"."Cinema"."siteWeb", "public"."Cinema"."telephone", "public"."Cinema"."chaine", "public"."Cinema"."createdAt", "public"."Cinema"."updatedAt", COALESCE("aggr_selection_0_Salle"."_aggr_count_salles", 0) AS "_aggr_count_salles" FROM "public"."Cinema" LEFT JOIN (SELECT "public"."Salle"."cinemaId", COUNT(*) AS "_aggr_count_salles" FROM "public"."Salle" WHERE 1=1 GROUP BY "public"."Salle"."cinemaId") AS "aggr_selection_0_Salle" ON ("public"."Cinema"."id" = "aggr_selection_0_Salle"."cinemaId") WHERE "public"."Cinema"."ville" ILIKE $1 ORDER BY "public"."Cinema"."nom" ASC OFFSET $2
prisma:query SELECT "public"."Salle"."id", "public"."Salle"."nom", "public"."Salle"."capacite", "public"."Salle"."cinemaId", COALESCE("aggr_selection_0_Seance"."_aggr_count_seances", 0) AS "_aggr_count_seances" FROM "public"."Salle" LEFT JOIN (SELECT "public"."Seance"."salleId", COUNT(*) AS "_aggr_count_seances" FROM "public"."Seance" WHERE ("public"."Seance"."dateHeure" >= $1 AND "public"."Seance"."dateHeure" <= $2) GROUP BY "public"."Seance"."salleId") AS "aggr_selection_0_Seance" ON ("public"."Salle"."id" = "aggr_selection_0_Seance"."salleId") WHERE "public"."Salle"."cinemaId" IN ($3,$4,$5,$6,$7,$8,$9,$10,$11,$12,$13,$14,$15,$16,$17,$18,$19,$20,$21,$22,$23,$24,$25,$26,$27,$28,$29,$30,$31,$32,$33,$34,$35) OFFSET $36
prisma:query SELECT COUNT(*) FROM (SELECT "public"."Cinema"."id" FROM "public"."Cinema" WHERE 1=1 OFFSET $1) AS "sub"
prisma:query SELECT COUNT(*) FROM (SELECT "public"."Seance"."id" FROM "public"."Seance" WHERE "public"."Seance"."dateHeure" >= $1 OFFSET $2) AS "sub"
[13:47:21.299] [32mINFO[39m (37280): [36mincoming request[39m
    reqId: "req-3"
    req: {
      "method": "GET",
      "url": "/api/films/classics",
      "hostname": "localhost:3003",
      "remoteAddress": "127.0.0.1",
      "remotePort": 50162
    }
[13:47:21.300] [32mINFO[39m (37280): [36mincoming request[39m
    reqId: "req-4"
    req: {
      "method": "GET",
      "url": "/api/films/trending",
      "hostname": "localhost:3003",
      "remoteAddress": "127.0.0.1",
      "remotePort": 50163
    }
[13:47:21.301] [32mINFO[39m (37280): [36mincoming request[39m
    reqId: "req-5"
    req: {
      "method": "GET",
      "url": "/api/cinemas?ville=Paris",
      "hostname": "localhost:3003",
      "remoteAddress": "127.0.0.1",
      "remotePort": 50164
    }
[13:47:21.303] [32mINFO[39m (37280): [36mincoming request[39m
    reqId: "req-6"
    req: {
      "method": "GET",
      "url": "/api/stats",
      "hostname": "localhost:3003",
      "remoteAddress": "127.0.0.1",
      "remotePort": 50165
    }
[13:47:21.308] [32mINFO[39m (37280): [36mrequest completed[39m
    reqId: "req-3"
    res: {
      "statusCode": 200
    }
    responseTime: 9.165199995040894
[13:47:21.359] [32mINFO[39m (37280): [36mrequest completed[39m
    reqId: "req-4"
    res: {
      "statusCode": 200
    }
    responseTime: 59.80019998550415
[13:47:21.377] [32mINFO[39m (37280): [36mrequest completed[39m
    reqId: "req-5"
    res: {
      "statusCode": 200
    }
    responseTime: 75.66019999980927
[13:47:21.382] [32mINFO[39m (37280): [36mrequest completed[39m
    reqId: "req-6"
    res: {
      "statusCode": 200
    }
    responseTime: 78.5896999835968
prisma:query SELECT 1
prisma:query SELECT "public"."Film"."id", "public"."Film"."titre", "public"."Film"."titreOriginal", "public"."Film"."synopsis", "public"."Film"."affiche", "public"."Film"."duree", "public"."Film"."genres", "public"."Film"."realisateur", "public"."Film"."acteurs", "public"."Film"."annee", "public"."Film"."tmdbId", "public"."Film"."imdbId", "public"."Film"."tmdbPopularite", "public"."Film"."tmdbNote", "public"."Film"."imdbNote", "public"."Film"."imdbVotes", "public"."Film"."createdAt", "public"."Film"."updatedAt", COALESCE("aggr_selection_0_Seance"."_aggr_count_seances", 0) AS "_aggr_count_seances" FROM "public"."Film" LEFT JOIN (SELECT "public"."Seance"."filmId", COUNT(*) AS "_aggr_count_seances" FROM "public"."Seance" WHERE "public"."Seance"."dateHeure" >= $1 GROUP BY "public"."Seance"."filmId") AS "aggr_selection_0_Seance" ON ("public"."Film"."id" = "aggr_selection_0_Seance"."filmId") WHERE "public"."Film"."annee" <= $2 ORDER BY "public"."Film"."realisateur" ASC, "public"."Film"."annee" ASC OFFSET $3
[13:47:54.366] [32mINFO[39m (37280): [36mincoming request[39m
    reqId: "req-7"
    req: {
      "method": "GET",
      "url": "/api/films/all-classics",
      "hostname": "localhost:3003",
      "remoteAddress": "127.0.0.1",
      "remotePort": 50162
    }
[13:47:54.610] [32mINFO[39m (37280): [36mrequest completed[39m
    reqId: "req-7"
    res: {
      "statusCode": 200
    }
    responseTime: 244.09630000591278
[13:48:06.548] [32mINFO[39m (37280): [36mincoming request[39m
    reqId: "req-8"
    req: {
      "method": "GET",
      "url": "/api/stats",
      "hostname": "localhost:3003",
      "remoteAddress": "127.0.0.1",
      "remotePort": 58307
    }
[13:48:06.549] [32mINFO[39m (37280): [36mrequest completed[39m
    reqId: "req-8"
    res: {
      "statusCode": 200
    }
    responseTime: 0.6335999965667725
[13:48:12.823] [32mINFO[39m (37280): [36mincoming request[39m
    reqId: "req-9"
    req: {
      "method": "GET",
      "url": "/api/films?q=",
      "hostname": "localhost:3003",
      "remoteAddress": "127.0.0.1",
      "remotePort": 50162
    }
[13:48:12.827] [32mINFO[39m (37280): [36mrequest completed[39m
    reqId: "req-9"
    res: {
      "statusCode": 200
    }
    responseTime: 4.043400049209595
prisma:query SELECT 1
prisma:query SELECT "public"."Film"."id", "public"."Film"."titre", "public"."Film"."titreOriginal", "public"."Film"."synopsis", "public"."Film"."affiche", "public"."Film"."duree", "public"."Film"."genres", "public"."Film"."realisateur", "public"."Film"."acteurs", "public"."Film"."annee", "public"."Film"."tmdbId", "public"."Film"."imdbId", "public"."Film"."tmdbPopularite", "public"."Film"."tmdbNote", "public"."Film"."imdbNote", "public"."Film"."imdbVotes", "public"."Film"."createdAt", "public"."Film"."updatedAt" FROM "public"."Film" WHERE ("public"."Film"."id" = $1 AND 1=1) LIMIT $2 OFFSET $3
prisma:query SELECT "public"."Film"."id", "public"."Film"."titre", "public"."Film"."titreOriginal", "public"."Film"."synopsis", "public"."Film"."affiche", "public"."Film"."duree", "public"."Film"."genres", "public"."Film"."realisateur", "public"."Film"."acteurs", "public"."Film"."annee", "public"."Film"."tmdbId", "public"."Film"."imdbId", "public"."Film"."tmdbPopularite", "public"."Film"."tmdbNote", "public"."Film"."imdbNote", "public"."Film"."imdbVotes", "public"."Film"."createdAt", "public"."Film"."updatedAt" FROM "public"."Film" WHERE ("public"."Film"."id" = $1 AND 1=1) LIMIT $2 OFFSET $3
prisma:query SELECT "public"."Film"."id", "public"."Film"."titre", "public"."Film"."titreOriginal", "public"."Film"."synopsis", "public"."Film"."affiche", "public"."Film"."duree", "public"."Film"."genres", "public"."Film"."realisateur", "public"."Film"."acteurs", "public"."Film"."annee", "public"."Film"."tmdbId", "public"."Film"."imdbId", "public"."Film"."tmdbPopularite", "public"."Film"."tmdbNote", "public"."Film"."imdbNote", "public"."Film"."imdbVotes", "public"."Film"."createdAt", "public"."Film"."updatedAt" FROM "public"."Film" WHERE ("public"."Film"."id" = $1 AND 1=1) LIMIT $2 OFFSET $3
prisma:query SELECT "public"."Seance"."id", "public"."Seance"."dateHeure", "public"."Seance"."version"::text, "public"."Seance"."format", "public"."Seance"."langue", "public"."Seance"."prix", "public"."Seance"."source", "public"."Seance"."filmId", "public"."Seance"."salleId", "public"."Seance"."createdAt", "public"."Seance"."updatedAt" FROM "public"."Seance" WHERE ("public"."Seance"."filmId" = $1 AND "public"."Seance"."dateHeure" >= $2 AND "public"."Seance"."dateHeure" <= $3) ORDER BY "public"."Seance"."dateHeure" ASC OFFSET $4
prisma:query SELECT "public"."Seance"."id", "public"."Seance"."dateHeure" FROM "public"."Seance" WHERE ("public"."Seance"."filmId" = $1 AND "public"."Seance"."dateHeure" >= $2 AND "public"."Seance"."dateHeure" <= $3) OFFSET $4
[13:49:14.513] [32mINFO[39m (37280): [36mincoming request[39m
    reqId: "req-a"
    req: {
      "method": "GET",
      "url": "/api/films/cmoxuksz30369vetsi548laks",
      "hostname": "localhost:3003",
      "remoteAddress": "127.0.0.1",
      "remotePort": 50162
    }
[13:49:14.516] [32mINFO[39m (37280): [36mrequest completed[39m
    reqId: "req-a"
    res: {
      "statusCode": 200
    }
    responseTime: 3.0514999628067017
[13:49:14.523] [32mINFO[39m (37280): [36mincoming request[39m
    reqId: "req-b"
    req: {
      "method": "GET",
      "url": "/api/films/cmoxuksz30369vetsi548laks/trailer",
      "hostname": "localhost:3003",
      "remoteAddress": "127.0.0.1",
      "remotePort": 50162
    }
[13:49:14.534] [32mINFO[39m (37280): [36mincoming request[39m
    reqId: "req-c"
    req: {
      "method": "GET",
      "url": "/api/films/cmoxuksz30369vetsi548laks/seances",
      "hostname": "localhost:3003",
      "remoteAddress": "127.0.0.1",
      "remotePort": 56965
    }
[13:49:14.539] [32mINFO[39m (37280): [36mrequest completed[39m
    reqId: "req-c"
    res: {
      "statusCode": 200
    }
    responseTime: 4.779199957847595
[13:49:14.923] [32mINFO[39m (37280): [36mincoming request[39m
    reqId: "req-d"
    req: {
      "method": "GET",
      "url": "/api/films/cmoxuksz30369vetsi548laks/dates",
      "hostname": "localhost:3003",
      "remoteAddress": "127.0.0.1",
      "remotePort": 61788
    }
[13:49:14.924] [32mINFO[39m (37280): [36mincoming request[39m
    reqId: "req-e"
    req: {
      "method": "OPTIONS",
      "url": "/api/profil/benslimene.wassim%40gmail.com",
      "hostname": "localhost:3003",
      "remoteAddress": "127.0.0.1",
      "remotePort": 58954
    }
[13:49:14.925] [32mINFO[39m (37280): [36mrequest completed[39m
    reqId: "req-e"
    res: {
      "statusCode": 204
    }
    responseTime: 0.4251999855041504
[13:49:14.928] [32mINFO[39m (37280): [36mrequest completed[39m
    reqId: "req-d"
    res: {
      "statusCode": 200
    }
    responseTime: 4.571700036525726
[13:49:14.929] [32mINFO[39m (37280): [36mincoming request[39m
    reqId: "req-f"
    req: {
      "method": "GET",
      "url": "/api/films/cmoxuksz30369vetsi548laks/dates",
      "hostname": "localhost:3003",
      "remoteAddress": "127.0.0.1",
      "remotePort": 58954
    }
[13:49:14.930] [32mINFO[39m (37280): [36mrequest completed[39m
    reqId: "req-f"
    res: {
      "statusCode": 200
    }
    responseTime: 0.7443000078201294
[13:49:14.966] [32mINFO[39m (37280): [36mincoming request[39m
    reqId: "req-g"
    req: {
      "method": "GET",
      "url": "/api/profil/benslimene.wassim%40gmail.com",
      "hostname": "localhost:3003",
      "remoteAddress": "127.0.0.1",
      "remotePort": 58954
    }
[13:49:15.011] [32mINFO[39m (37280): [36mrequest completed[39m
    reqId: "req-g"
    res: {
      "statusCode": 200
    }
    responseTime: 44.87190002202988
[13:49:15.362] [32mINFO[39m (37280): [36mrequest completed[39m
    reqId: "req-b"
    res: {
      "statusCode": 200
    }
    responseTime: 838.7296000123024
[13:49:55.817] [32mINFO[39m (37280): [36mincoming request[39m
    reqId: "req-h"
    req: {
      "method": "GET",
      "url": "/api/stats",
      "hostname": "localhost:3003",
      "remoteAddress": "127.0.0.1",
      "remotePort": 52435
    }
[13:49:55.818] [32mINFO[39m (37280): [36mrequest completed[39m
    reqId: "req-h"
    res: {
      "statusCode": 200
    }
    responseTime: 1.3490000367164612
[13:50:08.175] [32mINFO[39m (37280): [36mincoming request[39m
    reqId: "req-i"
    req: {
      "method": "POST",
      "url": "/admin/scrape",
      "hostname": "localhost:3003",
      "remoteAddress": "127.0.0.1",
      "remotePort": 52438
    }
[13:50:08.176] [32mINFO[39m (37280): [36mUnsupported Media Type: application/x-www-form-urlencoded[39m
    reqId: "req-i"
    res: {
      "statusCode": 415
    }
    err: {
      "type": "FastifyError",
      "message": "Unsupported Media Type: application/x-www-form-urlencoded",
      "stack":
          FastifyError: Unsupported Media Type: application/x-www-form-urlencoded
              at ContentTypeParser.run (C:\Users\mbens\Wassim BEN SLIMENE\IA\Projets\CinéRadar\backend\node_modules\fastify\lib\contentTypeParser.js:165:18)
              at handleRequest (C:\Users\mbens\Wassim BEN SLIMENE\IA\Projets\CinéRadar\backend\node_modules\fastify\lib\handleRequest.js:43:33)
              at runPreParsing (C:\Users\mbens\Wassim BEN SLIMENE\IA\Projets\CinéRadar\backend\node_modules\fastify\lib\route.js:613:5)
              at next (C:\Users\mbens\Wassim BEN SLIMENE\IA\Projets\CinéRadar\backend\node_modules\fastify\lib\hooks.js:233:9)
              at C:\Users\mbens\Wassim BEN SLIMENE\IA\Projets\CinéRadar\backend\node_modules\@fastify\cors\index.js:204:12
              at resolveOriginOption (C:\Users\mbens\Wassim BEN SLIMENE\IA\Projets\CinéRadar\backend\node_modules\@fastify\cors\index.js:162:129)
              at addCorsHeadersHandler (C:\Users\mbens\Wassim BEN SLIMENE\IA\Projets\CinéRadar\backend\node_modules\@fastify\cors\index.js:164:3)
              at Object.handleCors (C:\Users\mbens\Wassim BEN SLIMENE\IA\Projets\CinéRadar\backend\node_modules\@fastify\cors\index.js:64:9)
              at hookIterator (C:\Users\mbens\Wassim BEN SLIMENE\IA\Projets\CinéRadar\backend\node_modules\fastify\lib\hooks.js:405:10)
              at next (C:\Users\mbens\Wassim BEN SLIMENE\IA\Projets\CinéRadar\backend\node_modules\fastify\lib\hooks.js:239:18)
      "code": "FST_ERR_CTP_INVALID_MEDIA_TYPE",
      "name": "FastifyError",
      "statusCode": 415
    }
[13:50:08.178] [32mINFO[39m (37280): [36mrequest completed[39m
    reqId: "req-i"
    res: {
      "statusCode": 415
    }
    responseTime: 2.597000002861023
[13:50:14.107] [32mINFO[39m (37280): [36mincoming request[39m
    reqId: "req-j"
    req: {
      "method": "POST",
      "url": "/admin/scrape",
      "hostname": "localhost:3003",
      "remoteAddress": "127.0.0.1",
      "remotePort": 52441
    }
[13:50:14.108] [32mINFO[39m (37280): [36mrequest completed[39m
    reqId: "req-j"
    res: {
      "statusCode": 401
    }
    responseTime: 1.2294000387191772
prisma:query SELECT 1
prisma:query SELECT "public"."Film"."id", "public"."Film"."titre", "public"."Film"."titreOriginal", "public"."Film"."synopsis", "public"."Film"."affiche", "public"."Film"."duree", "public"."Film"."genres", "public"."Film"."realisateur", "public"."Film"."acteurs", "public"."Film"."annee", "public"."Film"."tmdbId", "public"."Film"."imdbId", "public"."Film"."tmdbPopularite", "public"."Film"."tmdbNote", "public"."Film"."imdbNote", "public"."Film"."imdbVotes", "public"."Film"."createdAt", "public"."Film"."updatedAt" FROM "public"."Film" WHERE ("public"."Film"."id" = $1 AND 1=1) LIMIT $2 OFFSET $3
[13:51:29.079] [32mINFO[39m (37280): [36mincoming request[39m
    reqId: "req-k"
    req: {
      "method": "GET",
      "url": "/api/films/cmoxuf7hn02n7vetsb04zw8rj",
      "hostname": "localhost:3003",
      "remoteAddress": "127.0.0.1",
      "remotePort": 65390
    }
prisma:query SELECT "public"."Film"."id", "public"."Film"."titre", "public"."Film"."titreOriginal", "public"."Film"."synopsis", "public"."Film"."affiche", "public"."Film"."duree", "public"."Film"."genres", "public"."Film"."realisateur", "public"."Film"."acteurs", "public"."Film"."annee", "public"."Film"."tmdbId", "public"."Film"."imdbId", "public"."Film"."tmdbPopularite", "public"."Film"."tmdbNote", "public"."Film"."imdbNote", "public"."Film"."imdbVotes", "public"."Film"."createdAt", "public"."Film"."updatedAt" FROM "public"."Film" WHERE ("public"."Film"."id" = $1 AND 1=1) LIMIT $2 OFFSET $3
[13:51:29.082] [32mINFO[39m (37280): [36mrequest completed[39m
    reqId: "req-k"
    res: {
      "statusCode": 200
    }
    responseTime: 3.085099995136261
[13:51:29.093] [32mINFO[39m (37280): [36mincoming request[39m
    reqId: "req-l"
    req: {
      "method": "GET",
      "url": "/api/films/cmoxuf7hn02n7vetsb04zw8rj/seances",
      "hostname": "localhost:3003",
      "remoteAddress": "127.0.0.1",
      "remotePort": 65390
    }
[13:51:29.096] [32mINFO[39m (37280): [36mincoming request[39m
    reqId: "req-m"
    req: {
      "method": "GET",
      "url": "/api/films/cmoxuf7hn02n7vetsb04zw8rj/trailer",
      "hostname": "localhost:3003",
      "remoteAddress": "127.0.0.1",
      "remotePort": 65392
    }
prisma:query SELECT "public"."Seance"."id", "public"."Seance"."dateHeure", "public"."Seance"."version"::text, "public"."Seance"."format", "public"."Seance"."langue", "public"."Seance"."prix", "public"."Seance"."source", "public"."Seance"."filmId", "public"."Seance"."salleId", "public"."Seance"."createdAt", "public"."Seance"."updatedAt" FROM "public"."Seance" WHERE ("public"."Seance"."filmId" = $1 AND "public"."Seance"."dateHeure" >= $2 AND "public"."Seance"."dateHeure" <= $3) ORDER BY "public"."Seance"."dateHeure" ASC OFFSET $4
prisma:query SELECT "public"."Film"."id", "public"."Film"."titre", "public"."Film"."titreOriginal", "public"."Film"."synopsis", "public"."Film"."affiche", "public"."Film"."duree", "public"."Film"."genres", "public"."Film"."realisateur", "public"."Film"."acteurs", "public"."Film"."annee", "public"."Film"."tmdbId", "public"."Film"."imdbId", "public"."Film"."tmdbPopularite", "public"."Film"."tmdbNote", "public"."Film"."imdbNote", "public"."Film"."imdbVotes", "public"."Film"."createdAt", "public"."Film"."updatedAt" FROM "public"."Film" WHERE ("public"."Film"."id" = $1 AND 1=1) LIMIT $2 OFFSET $3
[13:51:29.098] [32mINFO[39m (37280): [36mrequest completed[39m
    reqId: "req-l"
    res: {
      "statusCode": 200
    }
    responseTime: 4.883700013160706
prisma:query SELECT "public"."Seance"."id", "public"."Seance"."dateHeure" FROM "public"."Seance" WHERE ("public"."Seance"."filmId" = $1 AND "public"."Seance"."dateHeure" >= $2 AND "public"."Seance"."dateHeure" <= $3) OFFSET $4
[13:51:29.441] [32mINFO[39m (37280): [36mincoming request[39m
    reqId: "req-n"
    req: {
      "method": "OPTIONS",
      "url": "/api/profil/benslimene.wassim%40gmail.com",
      "hostname": "localhost:3003",
      "remoteAddress": "127.0.0.1",
      "remotePort": 56038
    }
[13:51:29.441] [32mINFO[39m (37280): [36mrequest completed[39m
    reqId: "req-n"
    res: {
      "statusCode": 204
    }
    responseTime: 0.2378000020980835
[13:51:29.442] [32mINFO[39m (37280): [36mincoming request[39m
    reqId: "req-o"
    req: {
      "method": "GET",
      "url": "/api/films/cmoxuf7hn02n7vetsb04zw8rj/dates",
      "hostname": "localhost:3003",
      "remoteAddress": "127.0.0.1",
      "remotePort": 56038
    }
[13:51:29.445] [32mINFO[39m (37280): [36mrequest completed[39m
    reqId: "req-o"
    res: {
      "statusCode": 200
    }
    responseTime: 2.9623000025749207
[13:51:29.447] [32mINFO[39m (37280): [36mincoming request[39m
    reqId: "req-p"
    req: {
      "method": "GET",
      "url": "/api/profil/benslimene.wassim%40gmail.com",
      "hostname": "localhost:3003",
      "remoteAddress": "127.0.0.1",
      "remotePort": 56038
    }
[13:51:29.455] [32mINFO[39m (37280): [36mrequest completed[39m
    reqId: "req-p"
    res: {
      "statusCode": 200
    }
    responseTime: 8.091099977493286
[13:51:29.460] [32mINFO[39m (37280): [36mincoming request[39m
    reqId: "req-q"
    req: {
      "method": "GET",
      "url": "/api/films/cmoxuf7hn02n7vetsb04zw8rj/dates",
      "hostname": "localhost:3003",
      "remoteAddress": "127.0.0.1",
      "remotePort": 56038
    }
[13:51:29.461] [32mINFO[39m (37280): [36mrequest completed[39m
    reqId: "req-q"
    res: {
      "statusCode": 200
    }
    responseTime: 1.2128000259399414
[13:51:29.735] [32mINFO[39m (37280): [36mrequest completed[39m
    reqId: "req-m"
    res: {
      "statusCode": 200
    }
    responseTime: 639.1037999987602
[13:55:36.982] [32mINFO[39m (37280): [36mincoming request[39m
    reqId: "req-r"
    req: {
      "method": "OPTIONS",
      "url": "/api/profil/benslimene.wassim%40gmail.com",
      "hostname": "localhost:3003",
      "remoteAddress": "127.0.0.1",
      "remotePort": 62449
    }
[13:55:36.982] [32mINFO[39m (37280): [36mrequest completed[39m
    reqId: "req-r"
    res: {
      "statusCode": 204
    }
    responseTime: 0.36219996213912964
[13:55:36.984] [32mINFO[39m (37280): [36mincoming request[39m
    reqId: "req-s"
    req: {
      "method": "GET",
      "url": "/api/profil/benslimene.wassim%40gmail.com",
      "hostname": "localhost:3003",
      "remoteAddress": "127.0.0.1",
      "remotePort": 62449
    }
[13:55:37.057] [32mINFO[39m (37280): [36mrequest completed[39m
    reqId: "req-s"
    res: {
      "statusCode": 200
    }
    responseTime: 73.34810000658035
