
> cineradar-backend@1.0.0 scrape:ugc
> tsx src/scripts/run-scraper.ts ugc


🚀 Lancement de 1 scraper(s)…


📡 UGC — démarrage
00:48:09 [UGC] Lancement du navigateur Playwright…
00:48:10 [UGC] Warmup — acquisition des cookies de session…
00:48:13 [UGC] 📍 Récupération des cinémas…
00:48:13 [UGC]   → 40 cinémas Paris à résoudre
00:48:13 [UGC]   ✓ UGC Ciné Cité Les Halles → id=10 (hardcodé)
00:48:13 [UGC]   ✓ UGC Ciné Cité Bercy → id=12 (hardcodé)
00:48:13 [UGC]   ✓ UGC Ciné Cité Maillot → id=7 (hardcodé)
00:48:13 [UGC]   ✓ UGC Montparnasse → id=14 (hardcodé)
00:48:13 [UGC]   ✓ UGC Rotonde → id=15 (hardcodé)
00:48:13 [UGC]   ✓ UGC Odéon → id=13 (hardcodé)
00:48:13 [UGC]   ✓ UGC Danton → id=4 (hardcodé)
00:48:13 [UGC]   ✓ UGC Lyon Bastille → id=11 (hardcodé)
00:48:13 [UGC]   ✓ UGC Gobelins → id=5 (hardcodé)
00:48:13 [UGC]   ✓ UGC Opéra → id=9 (hardcodé)
00:48:13 [UGC]   ✓ UGC Ciné Cité Paris 19 → id=37 (hardcodé)
00:48:13 [UGC]   ✓ UGC Ciné Cité La Défense → id=20 (hardcodé)
00:48:13 [UGC]   ✓ UGC Issy-les-Moulineaux → id=59 (hardcodé)
00:48:13 [UGC]   ✓ UGC Ciné Cité Rosny → id=18 (hardcodé)
00:48:13 [UGC]   ✓ UGC Ciné Cité Créteil → id=21 (hardcodé)
00:48:13 [UGC]   ✓ UGC Ciné Cité Vélizy → id=43 (hardcodé)
00:48:13 [UGC]   ✓ UGC Ciné Cité Noisy-le-Grand → id=19 (hardcodé)
00:48:13 [UGC]   ✓ UGC Ciné Cité Cergy-le-Haut → id=16 (hardcodé)
00:48:13 [UGC]   ✓ UGC Enghien → id=17 (hardcodé)
00:48:13 [UGC]   ✓ UGC Ciné Cité Parly → id=44 (hardcodé)
00:48:13 [UGC]   ✓ UGC Ciné Cité SQY Ouest → id=6 (hardcodé)
00:48:13 [UGC]   ✓ UGC Plaisir → id=55 (hardcodé)
00:48:13 [UGC]   ✓ UGC Ciné Cité O'Parinor → id=38 (hardcodé)
00:48:13 [UGC]   ✓ UGC Roxane → id=40 (hardcodé)
00:48:13 [UGC]   ✓ UGC Cyrano → id=41 (hardcodé)
00:48:13 [UGC]   ✓ UGC Le Majestic → id=39 (hardcodé)
00:48:13 [UGC]   ✓ UGC Ciné Cité Confluence → id=36 (hardcodé)
00:48:13 [UGC]   ✓ UGC Ciné Cité Part-Dieu → id=58 (hardcodé)
00:48:13 [UGC]   ✓ UGC Astoria → id=33 (hardcodé)
00:48:13 [UGC]   ✓ UGC Ciné Cité Bordeaux Gambetta → id=1 (hardcodé)
00:48:13 [UGC]   ✓ UGC Ciné Cité Bassins à Flot → id=57 (hardcodé)
00:48:13 [UGC]   ✓ UGC Talence → id=42 (hardcodé)
00:48:13 [UGC]   ✓ UGC Ciné Cité Lille → id=25 (hardcodé)
00:48:13 [UGC]   ✓ UGC Ciné Cité Villeneuve d'Ascq → id=24 (hardcodé)
00:48:13 [UGC]   ✓ UGC Ciné Cité Strasbourg → id=30 (hardcodé)
00:48:13 [UGC]   ✓ UGC Ciné Cité Atlantis → id=31 (hardcodé)
00:48:13 [UGC]   ✓ UGC Nancy Saint Jean → id=28 (hardcodé)
00:48:13 [UGC]   ✓ UGC Ciné Cité Ludres → id=29 (hardcodé)
00:48:13 [UGC]   ✓ UGC Ciné Cité Mondeville → id=27 (hardcodé)
00:48:13 [UGC]   ✓ UGC Montaudran → id=56 (hardcodé)
00:48:13 [UGC] 🎪 40 cinémas à scraper
00:48:13 [UGC] 
▶ Cinéma : UGC Ciné Cité Les Halles (id=10)
00:48:17 [UGC]   🎬 20 films trouvés
00:48:23 [UGC]     Film 18027 cinéma 10: regionId=3000, auto-POSTs=1
00:48:23 [UGC]     Film 18027: 7 jour(s) — 2026-05-13, 2026-05-14, 2026-05-15, 2026-05-16, 2026-05-17, 2026-05-18, 2026-05-19
00:48:24 [UGC]     Jour 2026-05-13 (auto): 2 séance(s)
00:48:24 [UGC]     Jour 2026-05-14 (POST): 7 séance(s)
00:48:24 [UGC]     Jour 2026-05-15 (POST): 7 séance(s)
00:48:24 [UGC]     Jour 2026-05-16 (POST): 7 séance(s)
00:48:25 [UGC]     Jour 2026-05-17 (POST): 7 séance(s)
00:48:25 [UGC]     Jour 2026-05-18 (POST): 7 séance(s)
00:48:25 [UGC]     Jour 2026-05-19 (POST): 7 séance(s)
00:48:26 [UGC]   ✓ "L'ABANDON" — 44 séance(s)
00:48:32 [UGC]     Film 18045 cinéma 10: regionId=3000, auto-POSTs=1
00:48:32 [UGC]     Film 18045: 7 jour(s) — 2026-05-13, 2026-05-14, 2026-05-15, 2026-05-16, 2026-05-17, 2026-05-18, 2026-05-19
00:48:32 [UGC]     Jour 2026-05-13 (auto): 6 séance(s)
00:48:32 [UGC]     Jour 2026-05-14 (POST): 6 séance(s)
00:48:32 [UGC]     Jour 2026-05-15 (POST): 6 séance(s)
00:48:33 [UGC]     Jour 2026-05-16 (POST): 6 séance(s)
00:48:33 [UGC]     Jour 2026-05-17 (POST): 6 séance(s)
00:48:33 [UGC]     Jour 2026-05-18 (POST): 6 séance(s)
00:48:34 [UGC]     Jour 2026-05-19 (POST): 6 séance(s)
00:48:34 [UGC]   ✓ "LA VENUS ELECTRIQUE" — 42 séance(s)
00:48:40 [UGC]     Film 17828 cinéma 10: regionId=3000, auto-POSTs=1
00:48:40 [UGC]     Film 17828: 7 jour(s) — 2026-05-13, 2026-05-14, 2026-05-15, 2026-05-16, 2026-05-17, 2026-05-18, 2026-05-19
00:48:40 [UGC]     Jour 2026-05-13 (auto): 6 séance(s)
00:48:40 [UGC]     Jour 2026-05-14 (POST): 6 séance(s)
00:48:41 [UGC]     Jour 2026-05-15 (POST): 6 séance(s)
00:48:41 [UGC]     Jour 2026-05-16 (POST): 6 séance(s)
00:48:41 [UGC]     Jour 2026-05-17 (POST): 6 séance(s)
00:48:42 [UGC]     Jour 2026-05-18 (POST): 6 séance(s)
00:48:42 [UGC]     Jour 2026-05-19 (POST): 6 séance(s)
00:48:42 [UGC]   ✓ "OBSESSION" — 42 séance(s)
00:48:47 [UGC]     Film 18019 cinéma 10: regionId=3000, auto-POSTs=1
00:48:47 [UGC]     Film 18019: 7 jour(s) — 2026-05-13, 2026-05-14, 2026-05-15, 2026-05-16, 2026-05-17, 2026-05-18, 2026-05-19
00:48:47 [UGC]     Jour 2026-05-13 (auto): 1 séance(s)
00:48:48 [UGC]     Jour 2026-05-14 (POST): 0 séance(s)
00:48:48 [UGC]     Jour 2026-05-15 (POST): 1 séance(s)
00:48:48 [UGC]     Jour 2026-05-16 (POST): 1 séance(s)
00:48:49 [UGC]     Jour 2026-05-17 (POST): 0 séance(s)
00:48:49 [UGC]     Jour 2026-05-18 (POST): 0 séance(s)
00:48:49 [UGC]     Jour 2026-05-19 (POST): 0 séance(s)
00:48:49 [UGC]   ✓ "IRON MAIDEN: BURNING AMBITION" — 3 séance(s)
00:48:56 [UGC]     Film 17605 cinéma 10: regionId=3000, auto-POSTs=1
00:48:56 [UGC]     Film 17605: 7 jour(s) — 2026-05-13, 2026-05-14, 2026-05-15, 2026-05-16, 2026-05-17, 2026-05-18, 2026-05-19
00:48:56 [UGC]     Jour 2026-05-13 (auto): 6 séance(s)
00:48:56 [UGC]     Jour 2026-05-14 (POST): 6 séance(s)
00:48:56 [UGC]     Jour 2026-05-15 (POST): 6 séance(s)
00:48:57 [UGC]     Jour 2026-05-16 (POST): 6 séance(s)
00:48:57 [UGC]     Jour 2026-05-17 (POST): 6 séance(s)
00:48:57 [UGC]     Jour 2026-05-18 (POST): 6 séance(s)
00:48:57 [UGC]     Jour 2026-05-19 (POST): 6 séance(s)
00:48:58 [UGC]   ✓ "CHAO" — 42 séance(s)
00:49:04 [UGC]     Film 17649 cinéma 10: regionId=3000, auto-POSTs=1
00:49:04 [UGC]     Film 17649: 7 jour(s) — 2026-05-13, 2026-05-14, 2026-05-15, 2026-05-16, 2026-05-17, 2026-05-18, 2026-05-19
00:49:04 [UGC]     Jour 2026-05-13 (auto): 7 séance(s)
00:49:04 [UGC]     Jour 2026-05-14 (POST): 7 séance(s)
00:49:04 [UGC]     Jour 2026-05-15 (POST): 7 séance(s)
00:49:05 [UGC]     Jour 2026-05-16 (POST): 7 séance(s)
00:49:05 [UGC]     Jour 2026-05-17 (POST): 7 séance(s)
00:49:05 [UGC]     Jour 2026-05-18 (POST): 7 séance(s)
00:49:06 [UGC]     Jour 2026-05-19 (POST): 7 séance(s)
00:49:06 [UGC]   ✓ "ELISE SOUS EMPRISE" — 49 séance(s)
00:49:12 [UGC]     Film 17614 cinéma 10: regionId=3000, auto-POSTs=1
00:49:12 [UGC]     Film 17614: 7 jour(s) — 2026-05-13, 2026-05-14, 2026-05-15, 2026-05-16, 2026-05-17, 2026-05-18, 2026-05-19
00:49:12 [UGC]     Jour 2026-05-13 (auto): 6 séance(s)
00:49:12 [UGC]     Jour 2026-05-14 (POST): 6 séance(s)
00:49:12 [UGC]     Jour 2026-05-15 (POST): 6 séance(s)
00:49:13 [UGC]     Jour 2026-05-16 (POST): 6 séance(s)
00:49:13 [UGC]     Jour 2026-05-17 (POST): 6 séance(s)
00:49:13 [UGC]     Jour 2026-05-18 (POST): 6 séance(s)
00:49:14 [UGC]     Jour 2026-05-19 (POST): 6 séance(s)
00:49:14 [UGC]   ✓ "JUNK WORLD" — 42 séance(s)
00:49:19 [UGC]     Film 17538 cinéma 10: regionId=3000, auto-POSTs=1
00:49:19 [UGC]     Film 17538: 8 jour(s) — 2026-05-13, 2026-05-14, 2026-05-15, 2026-05-16, 2026-05-17, 2026-05-18, 2026-05-19, 2026-05-23
00:49:19 [UGC]     Jour 2026-05-13 (auto): 6 séance(s)
00:49:20 [UGC]     Jour 2026-05-14 (POST): 6 séance(s)
00:49:20 [UGC]     Jour 2026-05-15 (POST): 6 séance(s)
00:49:20 [UGC]     Jour 2026-05-16 (POST): 6 séance(s)
00:49:21 [UGC]     Jour 2026-05-17 (POST): 6 séance(s)
00:49:21 [UGC]     Jour 2026-05-18 (POST): 6 séance(s)
00:49:21 [UGC]     Jour 2026-05-19 (POST): 6 séance(s)
00:49:22 [UGC]     Jour 2026-05-23 (POST): 0 séance(s)
00:49:22 [UGC]   ✓ "C'EST QUOI L'AMOUR ?" — 42 séance(s)
00:49:28 [UGC]     Film 17496 cinéma 10: regionId=3000, auto-POSTs=1
00:49:28 [UGC]     Film 17496: 7 jour(s) — 2026-05-13, 2026-05-14, 2026-05-15, 2026-05-16, 2026-05-17, 2026-05-18, 2026-05-19
00:49:28 [UGC]     Jour 2026-05-13 (auto): 6 séance(s)
00:49:28 [UGC]     Jour 2026-05-14 (POST): 6 séance(s)
00:49:29 [UGC]     Jour 2026-05-15 (POST): 6 séance(s)
00:49:29 [UGC]     Jour 2026-05-16 (POST): 6 séance(s)
00:49:29 [UGC]     Jour 2026-05-17 (POST): 6 séance(s)
00:49:30 [UGC]     Jour 2026-05-18 (POST): 6 séance(s)
00:49:30 [UGC]     Jour 2026-05-19 (POST): 6 séance(s)
00:49:30 [UGC]   ✓ "JUSTE UNE ILLUSION" — 42 séance(s)
00:49:36 [UGC]     Film 17381 cinéma 10: regionId=3000, auto-POSTs=1
00:49:36 [UGC]     Film 17381: 7 jour(s) — 2026-05-13, 2026-05-14, 2026-05-15, 2026-05-16, 2026-05-17, 2026-05-18, 2026-05-19
00:49:36 [UGC]     Jour 2026-05-13 (auto): 11 séance(s)
00:49:36 [UGC]     Jour 2026-05-14 (POST): 11 séance(s)
00:49:37 [UGC]     Jour 2026-05-15 (POST): 11 séance(s)
00:49:37 [UGC]     Jour 2026-05-16 (POST): 11 séance(s)
00:49:37 [UGC]     Jour 2026-05-17 (POST): 11 séance(s)
00:49:38 [UGC]     Jour 2026-05-18 (POST): 11 séance(s)
00:49:38 [UGC]     Jour 2026-05-19 (POST): 11 séance(s)
00:49:38 [UGC]   ✓ "LE DIABLE S'HABILLE EN PRADA 2" — 77 séance(s)
00:49:44 [UGC]     Film 17812 cinéma 10: regionId=3000, auto-POSTs=1
00:49:44 [UGC]     Film 17812: 7 jour(s) — 2026-05-13, 2026-05-14, 2026-05-15, 2026-05-16, 2026-05-17, 2026-05-18, 2026-05-19
00:49:44 [UGC]     Jour 2026-05-13 (auto): 6 séance(s)
00:49:45 [UGC]     Jour 2026-05-14 (POST): 6 séance(s)
00:49:45 [UGC]     Jour 2026-05-15 (POST): 6 séance(s)
00:49:45 [UGC]     Jour 2026-05-16 (POST): 6 séance(s)
00:49:46 [UGC]     Jour 2026-05-17 (POST): 6 séance(s)
00:49:46 [UGC]     Jour 2026-05-18 (POST): 6 séance(s)
00:49:46 [UGC]     Jour 2026-05-19 (POST): 6 séance(s)
00:49:46 [UGC]   ✓ "PLUS FORT QUE MOI" — 42 séance(s)
00:49:52 [UGC]     Film 17854 cinéma 10: regionId=3000, auto-POSTs=1
00:49:52 [UGC]     Film 17854: 7 jour(s) — 2026-05-13, 2026-05-14, 2026-05-15, 2026-05-16, 2026-05-17, 2026-05-18, 2026-05-19
00:49:52 [UGC]     Jour 2026-05-13 (auto): 4 séance(s)
00:49:52 [UGC]     Jour 2026-05-14 (POST): 3 séance(s)
00:49:53 [UGC]     Jour 2026-05-15 (POST): 3 séance(s)
00:49:53 [UGC]     Jour 2026-05-16 (POST): 3 séance(s)
00:49:53 [UGC]     Jour 2026-05-17 (POST): 3 séance(s)
00:49:54 [UGC]     Jour 2026-05-18 (POST): 3 séance(s)
00:49:54 [UGC]     Jour 2026-05-19 (POST): 3 séance(s)
00:49:54 [UGC]   ✓ "CINQUE SECONDI" — 22 séance(s)
00:50:00 [UGC]     Film 17900 cinéma 10: regionId=3000, auto-POSTs=1
00:50:00 [UGC]     Film 17900: 7 jour(s) — 2026-05-13, 2026-05-14, 2026-05-15, 2026-05-16, 2026-05-17, 2026-05-18, 2026-05-19
00:50:00 [UGC]     Jour 2026-05-13 (auto): 6 séance(s)
00:50:00 [UGC]     Jour 2026-05-14 (POST): 6 séance(s)
00:50:00 [UGC]     Jour 2026-05-15 (POST): 6 séance(s)
00:50:01 [UGC]     Jour 2026-05-16 (POST): 6 séance(s)
00:50:01 [UGC]     Jour 2026-05-17 (POST): 6 séance(s)
00:50:01 [UGC]     Jour 2026-05-18 (POST): 5 séance(s)
00:50:02 [UGC]     Jour 2026-05-19 (POST): 5 séance(s)
00:50:02 [UGC]   ✓ "VIVALDI ET MOI" — 40 séance(s)
00:50:08 [UGC]     Film 17706 cinéma 10: regionId=3000, auto-POSTs=1
00:50:08 [UGC]     Film 17706: 7 jour(s) — 2026-05-13, 2026-05-14, 2026-05-15, 2026-05-16, 2026-05-17, 2026-05-18, 2026-05-19
00:50:08 [UGC]     Jour 2026-05-13 (auto): 7 séance(s)
00:50:09 [UGC]     Jour 2026-05-14 (POST): 7 séance(s)
00:50:09 [UGC]     Jour 2026-05-15 (POST): 7 séance(s)
00:50:09 [UGC]     Jour 2026-05-16 (POST): 7 séance(s)
00:50:10 [UGC]     Jour 2026-05-17 (POST): 7 séance(s)
00:50:10 [UGC]     Jour 2026-05-18 (POST): 7 séance(s)
00:50:10 [UGC]     Jour 2026-05-19 (POST): 7 séance(s)
00:50:10 [UGC]   ✓ "SUPER MARIO GALAXY, LE FILM" — 49 séance(s)
00:50:16 [UGC]     Film 17258 cinéma 10: regionId=3000, auto-POSTs=1
00:50:16 [UGC]     Film 17258: 7 jour(s) — 2026-05-13, 2026-05-14, 2026-05-15, 2026-05-16, 2026-05-17, 2026-05-18, 2026-05-19
00:50:16 [UGC]     Jour 2026-05-13 (auto): 3 séance(s)
00:50:16 [UGC]     Jour 2026-05-14 (POST): 3 séance(s)
00:50:17 [UGC]     Jour 2026-05-15 (POST): 3 séance(s)
00:50:17 [UGC]     Jour 2026-05-16 (POST): 3 séance(s)
00:50:17 [UGC]     Jour 2026-05-17 (POST): 3 séance(s)
00:50:18 [UGC]     Jour 2026-05-18 (POST): 0 séance(s)
00:50:18 [UGC]     Jour 2026-05-19 (POST): 0 séance(s)
00:50:18 [UGC]   ✓ "JUMPERS" — 15 séance(s)
00:50:23 [UGC]     Film 17582 cinéma 10: regionId=3000, auto-POSTs=1
00:50:23 [UGC]     Film 17582: 7 jour(s) — 2026-05-13, 2026-05-14, 2026-05-15, 2026-05-16, 2026-05-17, 2026-05-18, 2026-05-19
00:50:23 [UGC]     Jour 2026-05-13 (auto): 7 séance(s)
00:50:24 [UGC]     Jour 2026-05-14 (POST): 3 séance(s)
00:50:24 [UGC]     Jour 2026-05-15 (POST): 0 séance(s)
00:50:24 [UGC]     Jour 2026-05-16 (POST): 0 séance(s)
00:50:25 [UGC]     Jour 2026-05-17 (POST): 0 séance(s)
00:50:25 [UGC]     Jour 2026-05-18 (POST): 0 séance(s)
00:50:25 [UGC]     Jour 2026-05-19 (POST): 0 séance(s)
00:50:25 [UGC]   ✓ "NOUS L'ORCHESTRE" — 10 séance(s)
00:50:31 [UGC]     Film 17005 cinéma 10: regionId=3000, auto-POSTs=1
00:50:31 [UGC]     Film 17005: 7 jour(s) — 2026-05-13, 2026-05-14, 2026-05-15, 2026-05-16, 2026-05-17, 2026-05-18, 2026-05-19
00:50:31 [UGC]     Jour 2026-05-13 (auto): 2 séance(s)
00:50:32 [UGC]     Jour 2026-05-14 (POST): 2 séance(s)
00:50:32 [UGC]     Jour 2026-05-15 (POST): 2 séance(s)
00:50:32 [UGC]     Jour 2026-05-16 (POST): 2 séance(s)
00:50:32 [UGC]     Jour 2026-05-17 (POST): 2 séance(s)
00:50:33 [UGC]     Jour 2026-05-18 (POST): 2 séance(s)
00:50:33 [UGC]     Jour 2026-05-19 (POST): 2 séance(s)
00:50:33 [UGC]   ✓ "BAGARRE" — 14 séance(s)
00:50:39 [UGC]     Film 17924 cinéma 10: regionId=3000, auto-POSTs=1
00:50:39 [UGC]     Film 17924: 7 jour(s) — 2026-05-13, 2026-05-14, 2026-05-15, 2026-05-16, 2026-05-17, 2026-05-18, 2026-05-19
00:50:39 [UGC]     Jour 2026-05-13 (auto): 6 séance(s)
00:50:39 [UGC]     Jour 2026-05-14 (POST): 6 séance(s)
00:50:40 [UGC]     Jour 2026-05-15 (POST): 6 séance(s)
00:50:40 [UGC]     Jour 2026-05-16 (POST): 5 séance(s)
00:50:40 [UGC]     Jour 2026-05-17 (POST): 6 séance(s)
00:50:41 [UGC]     Jour 2026-05-18 (POST): 6 séance(s)
00:50:41 [UGC]     Jour 2026-05-19 (POST): 6 séance(s)
00:50:41 [UGC]   ✓ "THE DRAMA" — 41 séance(s)
00:50:47 [UGC]     Film 17461 cinéma 10: regionId=3000, auto-POSTs=1
00:50:47 [UGC]     Film 17461: 7 jour(s) — 2026-05-13, 2026-05-14, 2026-05-15, 2026-05-16, 2026-05-17, 2026-05-18, 2026-05-19
00:50:47 [UGC]     Jour 2026-05-13 (auto): 5 séance(s)
00:50:47 [UGC]     Jour 2026-05-14 (POST): 3 séance(s)
00:50:47 [UGC]     Jour 2026-05-15 (POST): 5 séance(s)
00:50:48 [UGC]     Jour 2026-05-16 (POST): 2 séance(s)
00:50:48 [UGC]     Jour 2026-05-17 (POST): 0 séance(s)
00:50:48 [UGC]     Jour 2026-05-18 (POST): 0 séance(s)
00:50:49 [UGC]     Jour 2026-05-19 (POST): 0 séance(s)
00:50:49 [UGC]   ✓ "PROJET DERNIERE CHANCE" — 15 séance(s)
00:50:54 [UGC]     Film 17793 cinéma 10: regionId=3000, auto-POSTs=1
00:50:54 [UGC]     Film 17793: 7 jour(s) — 2026-05-13, 2026-05-14, 2026-05-15, 2026-05-16, 2026-05-17, 2026-05-18, 2026-05-19
00:50:54 [UGC]     Jour 2026-05-13 (auto): 3 séance(s)
00:50:55 [UGC]     Jour 2026-05-14 (POST): 3 séance(s)
00:50:55 [UGC]     Jour 2026-05-15 (POST): 3 séance(s)
00:50:55 [UGC]     Jour 2026-05-16 (POST): 3 séance(s)
00:50:56 [UGC]     Jour 2026-05-17 (POST): 3 séance(s)
00:50:56 [UGC]     Jour 2026-05-18 (POST): 6 séance(s)
00:50:56 [UGC]     Jour 2026-05-19 (POST): 4 séance(s)
00:50:56 [UGC]   ✓ "DIE MY LOVE" — 25 séance(s)
00:50:56 [UGC]   → Cinéma terminé (20 films retenus)
00:50:56 [UGC] 
▶ Cinéma : UGC Ciné Cité Bercy (id=12)
00:51:01 [UGC]   🎬 20 films trouvés
00:51:07 [UGC]     Film 18027 cinéma 12: regionId=3000, auto-POSTs=1
00:51:07 [UGC]     Film 18027: 7 jour(s) — 2026-05-13, 2026-05-14, 2026-05-15, 2026-05-16, 2026-05-17, 2026-05-18, 2026-05-19
00:51:07 [UGC]     Jour 2026-05-13 (auto): 2 séance(s)
00:51:07 [UGC]     Jour 2026-05-14 (POST): 6 séance(s)
00:51:08 [UGC]     Jour 2026-05-15 (POST): 6 séance(s)
00:51:08 [UGC]     Jour 2026-05-16 (POST): 6 séance(s)
00:51:08 [UGC]     Jour 2026-05-17 (POST): 6 séance(s)
00:51:09 [UGC]     Jour 2026-05-18 (POST): 6 séance(s)
00:51:09 [UGC]     Jour 2026-05-19 (POST): 6 séance(s)
00:51:09 [UGC]   ✓ "L'ABANDON" — 38 séance(s)
00:51:15 [UGC]     Film 18045 cinéma 12: regionId=3000, auto-POSTs=1
00:51:15 [UGC]     Film 18045: 7 jour(s) — 2026-05-13, 2026-05-14, 2026-05-15, 2026-05-16, 2026-05-17, 2026-05-18, 2026-05-19
00:51:15 [UGC]     Jour 2026-05-13 (auto): 5 séance(s)
00:51:15 [UGC]     Jour 2026-05-14 (POST): 5 séance(s)
00:51:15 [UGC]     Jour 2026-05-15 (POST): 5 séance(s)
00:51:16 [UGC]     Jour 2026-05-16 (POST): 5 séance(s)
00:51:16 [UGC]     Jour 2026-05-17 (POST): 5 séance(s)
00:51:16 [UGC]     Jour 2026-05-18 (POST): 5 séance(s)
00:51:17 [UGC]     Jour 2026-05-19 (POST): 5 séance(s)
00:51:17 [UGC]   ✓ "LA VENUS ELECTRIQUE" — 35 séance(s)
00:51:23 [UGC]     Film 17828 cinéma 12: regionId=3000, auto-POSTs=1
00:51:23 [UGC]     Film 17828: 7 jour(s) — 2026-05-13, 2026-05-14, 2026-05-15, 2026-05-16, 2026-05-17, 2026-05-18, 2026-05-19
00:51:23 [UGC]     Jour 2026-05-13 (auto): 6 séance(s)
00:51:23 [UGC]     Jour 2026-05-14 (POST): 6 séance(s)
00:51:23 [UGC]     Jour 2026-05-15 (POST): 6 séance(s)
00:51:24 [UGC]     Jour 2026-05-16 (POST): 6 séance(s)
00:51:24 [UGC]     Jour 2026-05-17 (POST): 6 séance(s)
00:51:24 [UGC]     Jour 2026-05-18 (POST): 6 séance(s)
00:51:25 [UGC]     Jour 2026-05-19 (POST): 6 séance(s)
00:51:25 [UGC]   ✓ "OBSESSION" — 42 séance(s)
00:51:30 [UGC]     Film 18019 cinéma 12: regionId=3000, auto-POSTs=1
00:51:30 [UGC]     Film 18019: 7 jour(s) — 2026-05-13, 2026-05-14, 2026-05-15, 2026-05-16, 2026-05-17, 2026-05-18, 2026-05-19
00:51:30 [UGC]     Jour 2026-05-13 (auto): 1 séance(s)
00:51:30 [UGC]     Jour 2026-05-14 (POST): 0 séance(s)
00:51:31 [UGC]     Jour 2026-05-15 (POST): 1 séance(s)
00:51:31 [UGC]     Jour 2026-05-16 (POST): 0 séance(s)
00:51:31 [UGC]     Jour 2026-05-17 (POST): 0 séance(s)
00:51:32 [UGC]     Jour 2026-05-18 (POST): 1 séance(s)
00:51:32 [UGC]     Jour 2026-05-19 (POST): 0 séance(s)
00:51:32 [UGC]   ✓ "IRON MAIDEN: BURNING AMBITION" — 3 séance(s)
00:51:37 [UGC]     Film 18101 cinéma 12: regionId=3000, auto-POSTs=1
00:51:37 [UGC]     Film 18101: 5 jour(s) — 2026-05-13, 2026-05-14, 2026-05-15, 2026-05-16, 2026-05-17
00:51:37 [UGC]     Jour 2026-05-13 (auto): 7 séance(s)
00:51:37 [UGC]     Jour 2026-05-14 (POST): 7 séance(s)
00:51:38 [UGC]     Jour 2026-05-15 (POST): 7 séance(s)
00:51:38 [UGC]     Jour 2026-05-16 (POST): 7 séance(s)
00:51:38 [UGC]     Jour 2026-05-17 (POST): 7 séance(s)
00:51:38 [UGC]   ✓ "ATEEZ VR CONCERT : LIGHT THE WAY" — 35 séance(s)
00:51:45 [UGC]     Film 17538 cinéma 12: regionId=3000, auto-POSTs=1
00:51:45 [UGC]     Film 17538: 8 jour(s) — 2026-05-13, 2026-05-14, 2026-05-15, 2026-05-16, 2026-05-17, 2026-05-18, 2026-05-19, 2026-05-23
00:51:45 [UGC]     Jour 2026-05-13 (auto): 6 séance(s)
00:51:45 [UGC]     Jour 2026-05-14 (POST): 6 séance(s)
00:51:45 [UGC]     Jour 2026-05-15 (POST): 6 séance(s)
00:51:46 [UGC]     Jour 2026-05-16 (POST): 0 séance(s)
00:51:46 [UGC]     Jour 2026-05-17 (POST): 0 séance(s)
00:51:46 [UGC]     Jour 2026-05-18 (POST): 0 séance(s)
00:51:47 [UGC]     Jour 2026-05-19 (POST): 0 séance(s)
00:51:47 [UGC]     Jour 2026-05-23 (POST): 0 séance(s)
00:51:47 [UGC]   ✓ "C'EST QUOI L'AMOUR ?" — 18 séance(s)
00:51:51 [UGC]     Film 17496 cinéma 12: regionId=3000, auto-POSTs=0
00:51:51 [UGC]     Film 17496: 7 jour(s) — 2026-05-13, 2026-05-14, 2026-05-15, 2026-05-16, 2026-05-17, 2026-05-18, 2026-05-19
00:51:52 [UGC]     Jour 2026-05-13 (POST): 0 séance(s)
00:51:52 [UGC]     Jour 2026-05-14 (POST): 0 séance(s)
00:51:52 [UGC]     Jour 2026-05-15 (POST): 0 séance(s)
00:51:53 [UGC]     Jour 2026-05-16 (POST): 0 séance(s)
00:51:53 [UGC]     Jour 2026-05-17 (POST): 0 séance(s)
00:51:53 [UGC]     Jour 2026-05-18 (POST): 0 séance(s)
00:51:54 [UGC]     Jour 2026-05-19 (POST): 0 séance(s)
00:51:54 [UGC]   ⏭  Film "JUSTE UNE ILLUSION" ignoré (0 séances)
00:51:57 [UGC]     Film 17381 cinéma 12: regionId=3000, auto-POSTs=0
00:51:57 [UGC]     Film 17381: 7 jour(s) — 2026-05-13, 2026-05-14, 2026-05-15, 2026-05-16, 2026-05-17, 2026-05-18, 2026-05-19
00:51:58 [UGC]     Jour 2026-05-13 (POST): 0 séance(s)
00:51:58 [UGC]     Jour 2026-05-14 (POST): 0 séance(s)
00:51:59 [UGC]     Jour 2026-05-15 (POST): 0 séance(s)
00:51:59 [UGC]     Jour 2026-05-16 (POST): 0 séance(s)
00:51:59 [UGC]     Jour 2026-05-17 (POST): 0 séance(s)
00:52:00 [UGC]     Jour 2026-05-18 (POST): 0 séance(s)
00:52:00 [UGC]     Jour 2026-05-19 (POST): 0 séance(s)
00:52:00 [UGC]   ⏭  Film "LE DIABLE S'HABILLE EN PRADA 2" ignoré (0 séances)
00:52:04 [UGC]     Film 17900 cinéma 12: regionId=3000, auto-POSTs=0
00:52:04 [UGC]     Film 17900: 7 jour(s) — 2026-05-13, 2026-05-14, 2026-05-15, 2026-05-16, 2026-05-17, 2026-05-18, 2026-05-19
00:52:04 [UGC]     Jour 2026-05-13 (POST): 0 séance(s)
00:52:05 [UGC]     Jour 2026-05-14 (POST): 0 séance(s)
00:52:05 [UGC]     Jour 2026-05-15 (POST): 0 séance(s)
00:52:05 [UGC]     Jour 2026-05-16 (POST): 0 séance(s)
00:52:06 [UGC]     Jour 2026-05-17 (POST): 0 séance(s)
00:52:06 [UGC]     Jour 2026-05-18 (POST): 0 séance(s)
00:52:06 [UGC]     Jour 2026-05-19 (POST): 0 séance(s)
00:52:06 [UGC]   ⏭  Film "VIVALDI ET MOI" ignoré (0 séances)
00:52:10 [UGC]     Film 17706 cinéma 12: regionId=3000, auto-POSTs=0
00:52:10 [UGC]     Film 17706: 7 jour(s) — 2026-05-13, 2026-05-14, 2026-05-15, 2026-05-16, 2026-05-17, 2026-05-18, 2026-05-19
00:52:11 [UGC]     Jour 2026-05-13 (POST): 0 séance(s)
00:52:11 [UGC]     Jour 2026-05-14 (POST): 0 séance(s)
00:52:11 [UGC]     Jour 2026-05-15 (POST): 0 séance(s)
00:52:12 [UGC]     Jour 2026-05-16 (POST): 0 séance(s)
00:52:12 [UGC]     Jour 2026-05-17 (POST): 0 séance(s)
00:52:12 [UGC]     Jour 2026-05-18 (POST): 0 séance(s)
00:52:13 [UGC]     Jour 2026-05-19 (POST): 0 séance(s)
00:52:13 [UGC]   ⏭  Film "SUPER MARIO GALAXY, LE FILM" ignoré (0 séances)
00:52:17 [UGC]     Film 17258 cinéma 12: regionId=3000, auto-POSTs=0
00:52:17 [UGC]     Film 17258: 7 jour(s) — 2026-05-13, 2026-05-14, 2026-05-15, 2026-05-16, 2026-05-17, 2026-05-18, 2026-05-19
00:52:17 [UGC]     Jour 2026-05-13 (POST): 0 séance(s)
00:52:17 [UGC]     Jour 2026-05-14 (POST): 0 séance(s)
00:52:18 [UGC]     Jour 2026-05-15 (POST): 0 séance(s)
00:52:18 [UGC]     Jour 2026-05-16 (POST): 0 séance(s)
00:52:18 [UGC]     Jour 2026-05-17 (POST): 0 séance(s)
00:52:19 [UGC]     Jour 2026-05-18 (POST): 0 séance(s)
00:52:19 [UGC]     Jour 2026-05-19 (POST): 0 séance(s)
00:52:19 [UGC]   ⏭  Film "JUMPERS" ignoré (0 séances)
00:52:22 [UGC] 🚦 429 Too Many Requests — pause 60s avant retry…
00:53:22 [UGC] ⚠️  Échec tentative 1/3 — métadonnées film film_bagarre_17005.html — retry dans 5s
00:53:29 [UGC]     Film 17005 cinéma 12: regionId=3000, auto-POSTs=0
00:53:29 [UGC]     Film 17005: 7 jour(s) — 2026-05-13, 2026-05-14, 2026-05-15, 2026-05-16, 2026-05-17, 2026-05-18, 2026-05-19
00:53:29 [UGC]     Jour 2026-05-13 (POST): 0 séance(s)
00:53:29 [UGC]     Jour 2026-05-14 (POST): 0 séance(s)
00:53:30 [UGC]     Jour 2026-05-15 (POST): 0 séance(s)
00:53:30 [UGC]     Jour 2026-05-16 (POST): 0 séance(s)
00:53:30 [UGC]     Jour 2026-05-17 (POST): 0 séance(s)
00:53:31 [UGC]     Jour 2026-05-18 (POST): 0 séance(s)
00:53:31 [UGC]     Jour 2026-05-19 (POST): 0 séance(s)
00:53:31 [UGC]   ⏭  Film "BAGARRE" ignoré (0 séances)
00:53:35 [UGC]     Film 17924 cinéma 12: regionId=3000, auto-POSTs=0
00:53:35 [UGC]     Film 17924: 7 jour(s) — 2026-05-13, 2026-05-14, 2026-05-15, 2026-05-16, 2026-05-17, 2026-05-18, 2026-05-19
00:53:35 [UGC]     Jour 2026-05-13 (POST): 0 séance(s)
00:53:36 [UGC]     Jour 2026-05-14 (POST): 0 séance(s)
00:53:36 [UGC]     Jour 2026-05-15 (POST): 0 séance(s)
00:53:36 [UGC]     Jour 2026-05-16 (POST): 0 séance(s)
00:53:37 [UGC]     Jour 2026-05-17 (POST): 0 séance(s)
00:53:37 [UGC]     Jour 2026-05-18 (POST): 0 séance(s)
00:53:37 [UGC]     Jour 2026-05-19 (POST): 0 séance(s)
00:53:38 [UGC]   ⏭  Film "THE DRAMA" ignoré (0 séances)
00:53:41 [UGC]     Film 17461 cinéma 12: regionId=3000, auto-POSTs=0
00:53:41 [UGC]     Film 17461: 7 jour(s) — 2026-05-13, 2026-05-14, 2026-05-15, 2026-05-16, 2026-05-17, 2026-05-18, 2026-05-19
00:53:42 [UGC]     Jour 2026-05-13 (POST): 0 séance(s)
00:53:42 [UGC]     Jour 2026-05-14 (POST): 0 séance(s)
00:53:42 [UGC]     Jour 2026-05-15 (POST): 0 séance(s)
00:53:43 [UGC]     Jour 2026-05-16 (POST): 0 séance(s)
00:53:43 [UGC]     Jour 2026-05-17 (POST): 0 séance(s)
00:53:43 [UGC]     Jour 2026-05-18 (POST): 0 séance(s)
00:53:44 [UGC]     Jour 2026-05-19 (POST): 0 séance(s)
00:53:44 [UGC]   ⏭  Film "PROJET DERNIERE CHANCE" ignoré (0 séances)
00:53:47 [UGC] 🚦 429 Too Many Requests — pause 60s avant retry…
00:54:47 [UGC] ⚠️  Échec tentative 1/3 — métadonnées film film_mi_amor_17853.html — retry dans 5s
00:54:52 [UGC] 🚦 429 Too Many Requests — pause 60s avant retry…
00:55:52 [UGC] ⚠️  Échec tentative 2/3 — métadonnées film film_mi_amor_17853.html — retry dans 5s
00:56:02 [UGC] 🚦 429 Too Many Requests — pause 60s avant retry…
00:57:02 [UGC] ⚠️  Échec tentative 3/3 — métadonnées film film_mi_amor_17853.html — abandon
00:57:02 [UGC] Film 17853 @ UGC Ciné Cité Bercy — métadonnées introuvables : Error: HTTP 429 sur https://www.ugc.fr/film_mi_amor_17853.html
00:57:03 [UGC]     Film 17853 cinéma 12: regionId=3000, auto-POSTs=0
00:57:03 [UGC]     Film 17853: 7 jour(s) — 2026-05-12, 2026-05-13, 2026-05-14, 2026-05-15, 2026-05-16, 2026-05-17, 2026-05-18
00:57:03 [UGC]     Jour 2026-05-12 (POST): 0 séance(s)
00:57:04 [UGC]     Jour 2026-05-13 (POST): 0 séance(s)
00:57:04 [UGC]     Jour 2026-05-14 (POST): 0 séance(s)
00:57:04 [UGC]     Jour 2026-05-15 (POST): 0 séance(s)
00:57:05 [UGC]     Jour 2026-05-16 (POST): 0 séance(s)
00:57:05 [UGC]     Jour 2026-05-17 (POST): 0 séance(s)
00:57:05 [UGC]     Jour 2026-05-18 (POST): 0 séance(s)
00:57:05 [UGC]   ⏭  Film 17853 ignoré (titre introuvable)
00:57:08 [UGC] 🚦 429 Too Many Requests — pause 60s avant retry…
00:58:08 [UGC] ⚠️  Échec tentative 1/3 — métadonnées film film_michael_16483.html — retry dans 5s
00:58:17 [UGC]     Film 16483 cinéma 12: regionId=3000, auto-POSTs=1
00:58:17 [UGC]     Film 16483: 7 jour(s) — 2026-05-13, 2026-05-14, 2026-05-15, 2026-05-16, 2026-05-17, 2026-05-18, 2026-05-19
00:58:17 [UGC]     Jour 2026-05-13 (auto): 8 séance(s)
00:58:18 [UGC]     Jour 2026-05-14 (POST): 9 séance(s)
00:58:18 [UGC]     Jour 2026-05-15 (POST): 9 séance(s)
00:58:18 [UGC]     Jour 2026-05-16 (POST): 9 séance(s)
00:58:19 [UGC]     Jour 2026-05-17 (POST): 9 séance(s)
00:58:19 [UGC]     Jour 2026-05-18 (POST): 9 séance(s)
00:58:20 [UGC]     Jour 2026-05-19 (POST): 9 séance(s)
00:58:20 [UGC]   ✓ "MICHAEL" — 62 séance(s)
00:58:26 [UGC]     Film 16613 cinéma 12: regionId=3000, auto-POSTs=1
00:58:26 [UGC]     Film 16613: 7 jour(s) — 2026-05-13, 2026-05-14, 2026-05-15, 2026-05-16, 2026-05-17, 2026-05-18, 2026-05-19
00:58:26 [UGC]     Jour 2026-05-13 (auto): 5 séance(s)
00:58:26 [UGC]     Jour 2026-05-14 (POST): 5 séance(s)
00:58:27 [UGC]     Jour 2026-05-15 (POST): 5 séance(s)
00:58:27 [UGC]     Jour 2026-05-16 (POST): 3 séance(s)
00:58:27 [UGC]     Jour 2026-05-17 (POST): 1 séance(s)
00:58:27 [UGC]     Jour 2026-05-18 (POST): 5 séance(s)
00:58:28 [UGC]     Jour 2026-05-19 (POST): 3 séance(s)
00:58:28 [UGC]   ✓ "MORTAL KOMBAT II" — 27 séance(s)
00:58:34 [UGC]     Film 17925 cinéma 12: regionId=3000, auto-POSTs=1
00:58:34 [UGC]     Film 17925: 7 jour(s) — 2026-05-13, 2026-05-14, 2026-05-15, 2026-05-16, 2026-05-17, 2026-05-18, 2026-05-19
00:58:34 [UGC]     Jour 2026-05-13 (auto): 6 séance(s)
00:58:34 [UGC]     Jour 2026-05-14 (POST): 6 séance(s)
00:58:35 [UGC]     Jour 2026-05-15 (POST): 6 séance(s)
00:58:35 [UGC]     Jour 2026-05-16 (POST): 6 séance(s)
00:58:35 [UGC]     Jour 2026-05-17 (POST): 6 séance(s)
00:58:36 [UGC]     Jour 2026-05-18 (POST): 6 séance(s)
00:58:36 [UGC]     Jour 2026-05-19 (POST): 5 séance(s)
00:58:36 [UGC]   ✓ "POUR LE PLAISIR" — 41 séance(s)
00:58:42 [UGC]     Film 17944 cinéma 12: regionId=3000, auto-POSTs=1
00:58:42 [UGC]     Film 17944: 7 jour(s) — 2026-05-13, 2026-05-14, 2026-05-15, 2026-05-16, 2026-05-17, 2026-05-18, 2026-05-19
00:58:42 [UGC]     Jour 2026-05-13 (auto): 6 séance(s)
00:58:43 [UGC]     Jour 2026-05-14 (POST): 4 séance(s)
00:58:43 [UGC]     Jour 2026-05-15 (POST): 5 séance(s)
00:58:43 [UGC]     Jour 2026-05-16 (POST): 6 séance(s)
00:58:43 [UGC]     Jour 2026-05-17 (POST): 4 séance(s)
00:58:44 [UGC]     Jour 2026-05-18 (POST): 6 séance(s)
00:58:44 [UGC]     Jour 2026-05-19 (POST): 4 séance(s)
00:58:44 [UGC]   ✓ "THE CRIMINALS" — 35 séance(s)
00:58:49 [UGC]     Film 2745 cinéma 12: regionId=3000, auto-POSTs=1
00:58:49 [UGC]     Film 2745: 4 jour(s) — 2026-05-13, 2026-05-15, 2026-05-16, 2026-05-18
00:58:49 [UGC]     Jour 2026-05-13 (auto): 1 séance(s)
00:58:50 [UGC]     Jour 2026-05-15 (POST): 1 séance(s)
00:58:50 [UGC]     Jour 2026-05-16 (POST): 1 séance(s)
00:58:50 [UGC]     Jour 2026-05-18 (POST): 1 séance(s)
00:58:50 [UGC]   ✓ "TOP GUN : 40TH ANNIVERSARY" — 4 séance(s)
00:58:50 [UGC]   → Cinéma terminé (11 films retenus)
00:58:50 [UGC] 
▶ Cinéma : UGC Ciné Cité Maillot (id=7)
00:58:55 [UGC]   🎬 20 films trouvés
00:59:01 [UGC]     Film 18027 cinéma 7: regionId=3000, auto-POSTs=1
00:59:01 [UGC]     Film 18027: 7 jour(s) — 2026-05-13, 2026-05-14, 2026-05-15, 2026-05-16, 2026-05-17, 2026-05-18, 2026-05-19
00:59:01 [UGC]     Jour 2026-05-13 (auto): 2 séance(s)
00:59:01 [UGC]     Jour 2026-05-14 (POST): 6 séance(s)
00:59:01 [UGC]     Jour 2026-05-15 (POST): 5 séance(s)
00:59:02 [UGC]     Jour 2026-05-16 (POST): 6 séance(s)
00:59:02 [UGC]     Jour 2026-05-17 (POST): 6 séance(s)
00:59:02 [UGC]     Jour 2026-05-18 (POST): 5 séance(s)
00:59:03 [UGC]     Jour 2026-05-19 (POST): 5 séance(s)
00:59:03 [UGC]   ✓ "L'ABANDON" — 35 séance(s)
00:59:09 [UGC]     Film 18045 cinéma 7: regionId=3000, auto-POSTs=1
00:59:09 [UGC]     Film 18045: 7 jour(s) — 2026-05-13, 2026-05-14, 2026-05-15, 2026-05-16, 2026-05-17, 2026-05-18, 2026-05-19
00:59:09 [UGC]     Jour 2026-05-13 (auto): 5 séance(s)
00:59:09 [UGC]     Jour 2026-05-14 (POST): 5 séance(s)
00:59:09 [UGC]     Jour 2026-05-15 (POST): 4 séance(s)
00:59:10 [UGC]     Jour 2026-05-16 (POST): 5 séance(s)
00:59:10 [UGC]     Jour 2026-05-17 (POST): 5 séance(s)
00:59:10 [UGC]     Jour 2026-05-18 (POST): 4 séance(s)
00:59:11 [UGC]     Jour 2026-05-19 (POST): 4 séance(s)
00:59:11 [UGC]   ✓ "LA VENUS ELECTRIQUE" — 32 séance(s)
00:59:16 [UGC]     Film 17538 cinéma 7: regionId=3000, auto-POSTs=1
00:59:17 [UGC]     Film 17538: 8 jour(s) — 2026-05-13, 2026-05-14, 2026-05-15, 2026-05-16, 2026-05-17, 2026-05-18, 2026-05-19, 2026-05-23
00:59:17 [UGC]     Jour 2026-05-13 (auto): 6 séance(s)
00:59:17 [UGC]     Jour 2026-05-14 (POST): 6 séance(s)
00:59:17 [UGC]     Jour 2026-05-15 (POST): 5 séance(s)
00:59:17 [UGC]     Jour 2026-05-16 (POST): 6 séance(s)
00:59:18 [UGC]     Jour 2026-05-17 (POST): 6 séance(s)
00:59:18 [UGC]     Jour 2026-05-18 (POST): 5 séance(s)
00:59:18 [UGC]     Jour 2026-05-19 (POST): 5 séance(s)
00:59:19 [UGC]     Jour 2026-05-23 (POST): 0 séance(s)
00:59:19 [UGC]   ✓ "C'EST QUOI L'AMOUR ?" — 39 séance(s)
00:59:25 [UGC]     Film 17496 cinéma 7: regionId=3000, auto-POSTs=1
00:59:25 [UGC]     Film 17496: 7 jour(s) — 2026-05-13, 2026-05-14, 2026-05-15, 2026-05-16, 2026-05-17, 2026-05-18, 2026-05-19
00:59:25 [UGC]     Jour 2026-05-13 (auto): 5 séance(s)
00:59:25 [UGC]     Jour 2026-05-14 (POST): 5 séance(s)
00:59:25 [UGC]     Jour 2026-05-15 (POST): 4 séance(s)
00:59:26 [UGC]     Jour 2026-05-16 (POST): 5 séance(s)
00:59:26 [UGC]     Jour 2026-05-17 (POST): 5 séance(s)
00:59:26 [UGC]     Jour 2026-05-18 (POST): 4 séance(s)
00:59:27 [UGC]     Jour 2026-05-19 (POST): 4 séance(s)
00:59:27 [UGC]   ✓ "JUSTE UNE ILLUSION" — 32 séance(s)
00:59:32 [UGC]     Film 17381 cinéma 7: regionId=3000, auto-POSTs=1
00:59:33 [UGC]     Film 17381: 7 jour(s) — 2026-05-13, 2026-05-14, 2026-05-15, 2026-05-16, 2026-05-17, 2026-05-18, 2026-05-19
00:59:33 [UGC]     Jour 2026-05-13 (auto): 10 séance(s)
00:59:33 [UGC]     Jour 2026-05-14 (POST): 10 séance(s)
00:59:33 [UGC]     Jour 2026-05-15 (POST): 8 séance(s)
00:59:34 [UGC]     Jour 2026-05-16 (POST): 10 séance(s)
00:59:34 [UGC]     Jour 2026-05-17 (POST): 10 séance(s)
00:59:34 [UGC]     Jour 2026-05-18 (POST): 8 séance(s)
00:59:35 [UGC]     Jour 2026-05-19 (POST): 8 séance(s)
00:59:35 [UGC]   ✓ "LE DIABLE S'HABILLE EN PRADA 2" — 64 séance(s)
00:59:40 [UGC]     Film 17854 cinéma 7: regionId=3000, auto-POSTs=1
00:59:40 [UGC]     Film 17854: 7 jour(s) — 2026-05-13, 2026-05-14, 2026-05-15, 2026-05-16, 2026-05-17, 2026-05-18, 2026-05-19
00:59:40 [UGC]     Jour 2026-05-13 (auto): 2 séance(s)
00:59:41 [UGC]     Jour 2026-05-14 (POST): 0 séance(s)
00:59:41 [UGC]     Jour 2026-05-15 (POST): 2 séance(s)
00:59:41 [UGC]     Jour 2026-05-16 (POST): 1 séance(s)
00:59:41 [UGC]     Jour 2026-05-17 (POST): 1 séance(s)
00:59:42 [UGC]     Jour 2026-05-18 (POST): 5 séance(s)
00:59:42 [UGC]     Jour 2026-05-19 (POST): 3 séance(s)
00:59:42 [UGC]   ✓ "CINQUE SECONDI" — 14 séance(s)
00:59:48 [UGC]     Film 17900 cinéma 7: regionId=3000, auto-POSTs=1
00:59:49 [UGC]     Film 17900: 7 jour(s) — 2026-05-13, 2026-05-14, 2026-05-15, 2026-05-16, 2026-05-17, 2026-05-18, 2026-05-19
00:59:49 [UGC]     Jour 2026-05-13 (auto): 6 séance(s)
00:59:49 [UGC]     Jour 2026-05-14 (POST): 3 séance(s)
00:59:49 [UGC]     Jour 2026-05-15 (POST): 3 séance(s)
00:59:50 [UGC]     Jour 2026-05-16 (POST): 3 séance(s)
00:59:50 [UGC]     Jour 2026-05-17 (POST): 3 séance(s)
00:59:50 [UGC]     Jour 2026-05-18 (POST): 5 séance(s)
00:59:51 [UGC]     Jour 2026-05-19 (POST): 3 séance(s)
00:59:51 [UGC]   ✓ "VIVALDI ET MOI" — 26 séance(s)
00:59:56 [UGC]     Film 17706 cinéma 7: regionId=3000, auto-POSTs=1
00:59:56 [UGC]     Film 17706: 7 jour(s) — 2026-05-13, 2026-05-14, 2026-05-15, 2026-05-16, 2026-05-17, 2026-05-18, 2026-05-19
00:59:56 [UGC]     Jour 2026-05-13 (auto): 4 séance(s)
00:59:56 [UGC]     Jour 2026-05-14 (POST): 3 séance(s)
00:59:57 [UGC]     Jour 2026-05-15 (POST): 2 séance(s)
00:59:57 [UGC]     Jour 2026-05-16 (POST): 3 séance(s)
00:59:58 [UGC]     Jour 2026-05-17 (POST): 3 séance(s)
00:59:58 [UGC]     Jour 2026-05-18 (POST): 0 séance(s)
00:59:58 [UGC]     Jour 2026-05-19 (POST): 0 séance(s)
00:59:58 [UGC]   ✓ "SUPER MARIO GALAXY, LE FILM" — 15 séance(s)
01:00:04 [UGC]     Film 17258 cinéma 7: regionId=3000, auto-POSTs=1
01:00:04 [UGC]     Film 17258: 7 jour(s) — 2026-05-13, 2026-05-14, 2026-05-15, 2026-05-16, 2026-05-17, 2026-05-18, 2026-05-19
01:00:04 [UGC]     Jour 2026-05-13 (auto): 4 séance(s)
01:00:04 [UGC]     Jour 2026-05-14 (POST): 4 séance(s)
01:00:04 [UGC]     Jour 2026-05-15 (POST): 3 séance(s)
01:00:05 [UGC]     Jour 2026-05-16 (POST): 4 séance(s)
01:00:05 [UGC]     Jour 2026-05-17 (POST): 4 séance(s)
01:00:05 [UGC]     Jour 2026-05-18 (POST): 0 séance(s)
01:00:06 [UGC]     Jour 2026-05-19 (POST): 0 séance(s)
01:00:06 [UGC]   ✓ "JUMPERS" — 19 séance(s)
01:00:11 [UGC]     Film 17924 cinéma 7: regionId=3000, auto-POSTs=1
01:00:11 [UGC]     Film 17924: 7 jour(s) — 2026-05-13, 2026-05-14, 2026-05-15, 2026-05-16, 2026-05-17, 2026-05-18, 2026-05-19
01:00:11 [UGC]     Jour 2026-05-13 (auto): 6 séance(s)
01:00:12 [UGC]     Jour 2026-05-14 (POST): 3 séance(s)
01:00:12 [UGC]     Jour 2026-05-15 (POST): 0 séance(s)
01:00:12 [UGC]     Jour 2026-05-16 (POST): 0 séance(s)
01:00:12 [UGC]     Jour 2026-05-17 (POST): 0 séance(s)
01:00:13 [UGC]     Jour 2026-05-18 (POST): 0 séance(s)
01:00:13 [UGC]     Jour 2026-05-19 (POST): 0 séance(s)
01:00:13 [UGC]   ✓ "THE DRAMA" — 9 séance(s)
01:00:19 [UGC]     Film 16483 cinéma 7: regionId=3000, auto-POSTs=1
01:00:19 [UGC]     Film 16483: 7 jour(s) — 2026-05-13, 2026-05-14, 2026-05-15, 2026-05-16, 2026-05-17, 2026-05-18, 2026-05-19
01:00:19 [UGC]     Jour 2026-05-13 (auto): 5 séance(s)
01:00:19 [UGC]     Jour 2026-05-14 (POST): 5 séance(s)
01:00:20 [UGC]     Jour 2026-05-15 (POST): 4 séance(s)
01:00:20 [UGC]     Jour 2026-05-16 (POST): 5 séance(s)
01:00:20 [UGC]     Jour 2026-05-17 (POST): 5 séance(s)
01:00:21 [UGC]     Jour 2026-05-18 (POST): 4 séance(s)
01:00:21 [UGC]     Jour 2026-05-19 (POST): 4 séance(s)
01:00:21 [UGC]   ✓ "MICHAEL" — 32 séance(s)
01:00:26 [UGC]     Film 17708 cinéma 7: regionId=3000, auto-POSTs=1
01:00:26 [UGC]     Film 17708: 7 jour(s) — 2026-05-13, 2026-05-14, 2026-05-15, 2026-05-16, 2026-05-17, 2026-05-18, 2026-05-19
01:00:26 [UGC]     Jour 2026-05-13 (auto): 5 séance(s)
01:00:27 [UGC]     Jour 2026-05-14 (POST): 5 séance(s)
01:00:27 [UGC]     Jour 2026-05-15 (POST): 4 séance(s)
01:00:27 [UGC]     Jour 2026-05-16 (POST): 1 séance(s)
01:00:28 [UGC]     Jour 2026-05-17 (POST): 0 séance(s)
01:00:28 [UGC]     Jour 2026-05-18 (POST): 0 séance(s)
01:00:28 [UGC]     Jour 2026-05-19 (POST): 0 séance(s)
01:00:28 [UGC]   ✓ "MON GRAND FRÈRE ET MOI" — 15 séance(s)
01:00:34 [UGC]     Film 17925 cinéma 7: regionId=3000, auto-POSTs=1
01:00:34 [UGC]     Film 17925: 7 jour(s) — 2026-05-13, 2026-05-14, 2026-05-15, 2026-05-16, 2026-05-17, 2026-05-18, 2026-05-19
01:00:34 [UGC]     Jour 2026-05-13 (auto): 7 séance(s)
01:00:34 [UGC]     Jour 2026-05-14 (POST): 7 séance(s)
01:00:35 [UGC]     Jour 2026-05-15 (POST): 6 séance(s)
01:00:35 [UGC]     Jour 2026-05-16 (POST): 7 séance(s)
01:00:35 [UGC]     Jour 2026-05-17 (POST): 7 séance(s)
01:00:36 [UGC]     Jour 2026-05-18 (POST): 6 séance(s)
01:00:36 [UGC]     Jour 2026-05-19 (POST): 6 séance(s)
01:00:36 [UGC]   ✓ "POUR LE PLAISIR" — 46 séance(s)
01:00:41 [UGC]     Film 18106 cinéma 7: regionId=3000, auto-POSTs=1
01:00:41 [UGC]     Film 18106: 6 jour(s) — 2026-05-14, 2026-05-15, 2026-05-16, 2026-05-17, 2026-05-18, 2026-05-19
01:00:41 [UGC]     Jour 2026-05-14 (auto): 2 séance(s)
01:00:41 [UGC]     Jour 2026-05-15 (POST): 4 séance(s)
01:00:42 [UGC]     Jour 2026-05-16 (POST): 5 séance(s)
01:00:42 [UGC]     Jour 2026-05-17 (POST): 5 séance(s)
01:00:42 [UGC]     Jour 2026-05-18 (POST): 4 séance(s)
01:00:43 [UGC]     Jour 2026-05-19 (POST): 4 séance(s)
01:00:43 [UGC]   ✓ "HISTOIRES PARALLELES" — 24 séance(s)
01:00:48 [UGC]     Film 12159 cinéma 7: regionId=3000, auto-POSTs=0
01:00:48 [UGC]     Film 12159: 7 jour(s) — 2026-05-12, 2026-05-13, 2026-05-14, 2026-05-15, 2026-05-16, 2026-05-17, 2026-05-18
01:00:48 [UGC]     Jour 2026-05-12 (POST): 0 séance(s)
01:00:48 [UGC]     Jour 2026-05-13 (POST): 0 séance(s)
01:00:49 [UGC]     Jour 2026-05-14 (POST): 0 séance(s)
01:00:49 [UGC]     Jour 2026-05-15 (POST): 0 séance(s)
01:00:49 [UGC]     Jour 2026-05-16 (POST): 0 séance(s)
01:00:50 [UGC]     Jour 2026-05-17 (POST): 0 séance(s)
01:00:50 [UGC]     Jour 2026-05-18 (POST): 0 séance(s)
01:00:50 [UGC]   ⏭  Film "READY PLAYER ONE" ignoré (0 séances)
01:00:54 [UGC]     Film 2845 cinéma 7: regionId=3000, auto-POSTs=0
01:00:54 [UGC]     Film 2845: 7 jour(s) — 2026-05-12, 2026-05-13, 2026-05-14, 2026-05-15, 2026-05-16, 2026-05-17, 2026-05-18
01:00:54 [UGC]     Jour 2026-05-12 (POST): 0 séance(s)
01:00:55 [UGC]     Jour 2026-05-13 (POST): 0 séance(s)
01:00:55 [UGC]     Jour 2026-05-14 (POST): 0 séance(s)
01:00:55 [UGC]     Jour 2026-05-15 (POST): 0 séance(s)
01:00:56 [UGC]     Jour 2026-05-16 (POST): 0 séance(s)
01:00:56 [UGC]     Jour 2026-05-17 (POST): 0 séance(s)
01:00:56 [UGC]     Jour 2026-05-18 (POST): 0 séance(s)
01:00:56 [UGC]   ⏭  Film "UN HOMME ET UNE FEMME" ignoré (0 séances)
01:00:59 [UGC] 🚦 429 Too Many Requests — pause 60s avant retry…
01:01:59 [UGC] ⚠️  Échec tentative 1/3 — métadonnées film film_l_etre_aime_18105.html — retry dans 5s
01:02:04 [UGC] 🚦 429 Too Many Requests — pause 60s avant retry…
01:03:04 [UGC] ⚠️  Échec tentative 2/3 — métadonnées film film_l_etre_aime_18105.html — retry dans 5s
01:03:14 [UGC] 🚦 429 Too Many Requests — pause 60s avant retry…
01:04:14 [UGC] ⚠️  Échec tentative 3/3 — métadonnées film film_l_etre_aime_18105.html — abandon
01:04:14 [UGC] Film 18105 @ UGC Ciné Cité Maillot — métadonnées introuvables : Error: HTTP 429 sur https://www.ugc.fr/film_l_etre_aime_18105.html
01:04:15 [UGC]     Film 18105 cinéma 7: regionId=3000, auto-POSTs=0
01:04:15 [UGC]     Film 18105: 7 jour(s) — 2026-05-12, 2026-05-13, 2026-05-14, 2026-05-15, 2026-05-16, 2026-05-17, 2026-05-18
01:04:16 [UGC]     Jour 2026-05-12 (POST): 0 séance(s)
01:04:16 [UGC]     Jour 2026-05-13 (POST): 0 séance(s)
01:04:16 [UGC]     Jour 2026-05-14 (POST): 0 séance(s)
01:04:17 [UGC]     Jour 2026-05-15 (POST): 0 séance(s)
01:04:17 [UGC]     Jour 2026-05-16 (POST): 0 séance(s)
01:04:17 [UGC]     Jour 2026-05-17 (POST): 0 séance(s)
01:04:18 [UGC]     Jour 2026-05-18 (POST): 0 séance(s)
01:04:18 [UGC]   ⏭  Film 18105 ignoré (titre introuvable)
01:04:20 [UGC] 🚦 429 Too Many Requests — pause 60s avant retry…
01:05:20 [UGC] ⚠️  Échec tentative 1/3 — métadonnées film film_lee_miller_16252.html — retry dans 5s
01:05:26 [UGC] 🚦 429 Too Many Requests — pause 60s avant retry…
01:06:26 [UGC] ⚠️  Échec tentative 2/3 — métadonnées film film_lee_miller_16252.html — retry dans 5s
01:06:36 [UGC] 🚦 429 Too Many Requests — pause 60s avant retry…
01:07:36 [UGC] ⚠️  Échec tentative 3/3 — métadonnées film film_lee_miller_16252.html — abandon
01:07:36 [UGC] Film 16252 @ UGC Ciné Cité Maillot — métadonnées introuvables : Error: HTTP 429 sur https://www.ugc.fr/film_lee_miller_16252.html
01:07:37 [UGC]     Film 16252 cinéma 7: regionId=3000, auto-POSTs=0
01:07:37 [UGC]     Film 16252: 1 jour(s) — 2026-05-17
01:07:37 [UGC]     Jour 2026-05-17 (POST): 0 séance(s)
01:07:37 [UGC]   ⏭  Film 16252 ignoré (titre introuvable)
01:07:40 [UGC] 🚦 429 Too Many Requests — pause 60s avant retry…
01:08:40 [UGC] ⚠️  Échec tentative 1/3 — métadonnées film film_autofiction_18107.html — retry dans 5s
01:08:47 [UGC]     Film 18107 cinéma 7: regionId=3000, auto-POSTs=1
01:08:47 [UGC]     Film 18107: 1 jour(s) — 2026-05-19
01:08:47 [UGC]     Jour 2026-05-19 (auto): 2 séance(s)
01:08:47 [UGC]   ✓ "AUTOFICTION" — 2 séance(s)
01:08:53 [UGC]     Film 17477 cinéma 7: regionId=3000, auto-POSTs=1
01:08:54 [UGC]     Film 17477: 7 jour(s) — 2026-05-20, 2026-05-21, 2026-05-22, 2026-05-23, 2026-05-24, 2026-05-25, 2026-05-26
01:08:54 [UGC]     Jour 2026-05-20 (auto): 9 séance(s)
01:08:54 [UGC]     Jour 2026-05-21 (POST): 7 séance(s)
01:08:54 [UGC]     Jour 2026-05-22 (POST): 7 séance(s)
01:08:55 [UGC]     Jour 2026-05-23 (POST): 9 séance(s)
01:08:55 [UGC]     Jour 2026-05-24 (POST): 9 séance(s)
01:08:55 [UGC]     Jour 2026-05-25 (POST): 9 séance(s)
01:08:56 [UGC]     Jour 2026-05-26 (POST): 7 séance(s)
01:08:56 [UGC]   ✓ "STAR WARS: THE MANDALORIAN AND GROGU" — 57 séance(s)
01:08:56 [UGC]   → Cinéma terminé (16 films retenus)
01:08:56 [UGC] 
▶ Cinéma : UGC Montparnasse (id=14)
01:08:59 [UGC]   🎬 13 films trouvés
01:09:05 [UGC]     Film 18027 cinéma 14: regionId=3000, auto-POSTs=1
01:09:05 [UGC]     Film 18027: 7 jour(s) — 2026-05-13, 2026-05-14, 2026-05-15, 2026-05-16, 2026-05-17, 2026-05-18, 2026-05-19
01:09:05 [UGC]     Jour 2026-05-13 (auto): 2 séance(s)
01:09:06 [UGC]     Jour 2026-05-14 (POST): 5 séance(s)
01:09:06 [UGC]     Jour 2026-05-15 (POST): 5 séance(s)
01:09:06 [UGC]     Jour 2026-05-16 (POST): 5 séance(s)
01:09:07 [UGC]     Jour 2026-05-17 (POST): 6 séance(s)
01:09:07 [UGC]     Jour 2026-05-18 (POST): 5 séance(s)
01:09:07 [UGC]     Jour 2026-05-19 (POST): 5 séance(s)
01:09:07 [UGC]   ✓ "L'ABANDON" — 33 séance(s)
01:09:14 [UGC]     Film 18045 cinéma 14: regionId=3000, auto-POSTs=1
01:09:14 [UGC]     Film 18045: 7 jour(s) — 2026-05-13, 2026-05-14, 2026-05-15, 2026-05-16, 2026-05-17, 2026-05-18, 2026-05-19
01:09:14 [UGC]     Jour 2026-05-13 (auto): 5 séance(s)
01:09:14 [UGC]     Jour 2026-05-14 (POST): 4 séance(s)
01:09:14 [UGC]     Jour 2026-05-15 (POST): 4 séance(s)
01:09:15 [UGC]     Jour 2026-05-16 (POST): 4 séance(s)
01:09:15 [UGC]     Jour 2026-05-17 (POST): 5 séance(s)
01:09:15 [UGC]     Jour 2026-05-18 (POST): 4 séance(s)
01:09:16 [UGC]     Jour 2026-05-19 (POST): 4 séance(s)
01:09:16 [UGC]   ✓ "LA VENUS ELECTRIQUE" — 30 séance(s)
01:09:21 [UGC]     Film 17538 cinéma 14: regionId=3000, auto-POSTs=1
01:09:21 [UGC]     Film 17538: 8 jour(s) — 2026-05-13, 2026-05-14, 2026-05-15, 2026-05-16, 2026-05-17, 2026-05-18, 2026-05-19, 2026-05-23
01:09:21 [UGC]     Jour 2026-05-13 (auto): 6 séance(s)
01:09:22 [UGC]     Jour 2026-05-14 (POST): 5 séance(s)
01:09:22 [UGC]     Jour 2026-05-15 (POST): 5 séance(s)
01:09:22 [UGC]     Jour 2026-05-16 (POST): 5 séance(s)
01:09:23 [UGC]     Jour 2026-05-17 (POST): 6 séance(s)
01:09:23 [UGC]     Jour 2026-05-18 (POST): 5 séance(s)
01:09:23 [UGC]     Jour 2026-05-19 (POST): 5 séance(s)
01:09:24 [UGC]     Jour 2026-05-23 (POST): 0 séance(s)
01:09:24 [UGC]   ✓ "C'EST QUOI L'AMOUR ?" — 37 séance(s)
01:09:29 [UGC]     Film 17496 cinéma 14: regionId=3000, auto-POSTs=1
01:09:30 [UGC]     Film 17496: 7 jour(s) — 2026-05-13, 2026-05-14, 2026-05-15, 2026-05-16, 2026-05-17, 2026-05-18, 2026-05-19
01:09:30 [UGC]     Jour 2026-05-13 (auto): 5 séance(s)
01:09:30 [UGC]     Jour 2026-05-14 (POST): 4 séance(s)
01:09:30 [UGC]     Jour 2026-05-15 (POST): 4 séance(s)
01:09:30 [UGC]     Jour 2026-05-16 (POST): 4 séance(s)
01:09:31 [UGC]     Jour 2026-05-17 (POST): 5 séance(s)
01:09:31 [UGC]     Jour 2026-05-18 (POST): 4 séance(s)
01:09:31 [UGC]     Jour 2026-05-19 (POST): 4 séance(s)
01:09:31 [UGC]   ✓ "JUSTE UNE ILLUSION" — 30 séance(s)
01:09:37 [UGC]     Film 17381 cinéma 14: regionId=3000, auto-POSTs=1
01:09:37 [UGC]     Film 17381: 7 jour(s) — 2026-05-13, 2026-05-14, 2026-05-15, 2026-05-16, 2026-05-17, 2026-05-18, 2026-05-19
01:09:37 [UGC]     Jour 2026-05-13 (auto): 5 séance(s)
01:09:38 [UGC]     Jour 2026-05-14 (POST): 4 séance(s)
01:09:38 [UGC]     Jour 2026-05-15 (POST): 4 séance(s)
01:09:38 [UGC]     Jour 2026-05-16 (POST): 4 séance(s)
01:09:39 [UGC]     Jour 2026-05-17 (POST): 5 séance(s)
01:09:39 [UGC]     Jour 2026-05-18 (POST): 4 séance(s)
01:09:39 [UGC]     Jour 2026-05-19 (POST): 4 séance(s)
01:09:39 [UGC]   ✓ "LE DIABLE S'HABILLE EN PRADA 2" — 30 séance(s)
01:09:45 [UGC]     Film 17924 cinéma 14: regionId=3000, auto-POSTs=1
01:09:45 [UGC]     Film 17924: 7 jour(s) — 2026-05-13, 2026-05-14, 2026-05-15, 2026-05-16, 2026-05-17, 2026-05-18, 2026-05-19
01:09:45 [UGC]     Jour 2026-05-13 (auto): 3 séance(s)
01:09:45 [UGC]     Jour 2026-05-14 (POST): 0 séance(s)
01:09:46 [UGC]     Jour 2026-05-15 (POST): 0 séance(s)
01:09:46 [UGC]     Jour 2026-05-16 (POST): 0 séance(s)
01:09:46 [UGC]     Jour 2026-05-17 (POST): 0 séance(s)
01:09:47 [UGC]     Jour 2026-05-18 (POST): 0 séance(s)
01:09:47 [UGC]     Jour 2026-05-19 (POST): 0 séance(s)
01:09:47 [UGC]   ✓ "THE DRAMA" — 3 séance(s)
01:09:53 [UGC]     Film 16483 cinéma 14: regionId=3000, auto-POSTs=1
01:09:53 [UGC]     Film 16483: 7 jour(s) — 2026-05-13, 2026-05-14, 2026-05-15, 2026-05-16, 2026-05-17, 2026-05-18, 2026-05-19
01:09:53 [UGC]     Jour 2026-05-13 (auto): 5 séance(s)
01:09:53 [UGC]     Jour 2026-05-14 (POST): 4 séance(s)
01:09:54 [UGC]     Jour 2026-05-15 (POST): 4 séance(s)
01:09:54 [UGC]     Jour 2026-05-16 (POST): 4 séance(s)
01:09:55 [UGC]     Jour 2026-05-17 (POST): 5 séance(s)
01:09:55 [UGC]     Jour 2026-05-18 (POST): 4 séance(s)
01:09:55 [UGC]     Jour 2026-05-19 (POST): 4 séance(s)
01:09:55 [UGC]   ✓ "MICHAEL" — 30 séance(s)
01:10:02 [UGC]     Film 17925 cinéma 14: regionId=3000, auto-POSTs=1
01:10:02 [UGC]     Film 17925: 7 jour(s) — 2026-05-13, 2026-05-14, 2026-05-15, 2026-05-16, 2026-05-17, 2026-05-18, 2026-05-19
01:10:02 [UGC]     Jour 2026-05-13 (auto): 6 séance(s)
01:10:02 [UGC]     Jour 2026-05-14 (POST): 5 séance(s)
01:10:02 [UGC]     Jour 2026-05-15 (POST): 5 séance(s)
01:10:03 [UGC]     Jour 2026-05-16 (POST): 5 séance(s)
01:10:03 [UGC]     Jour 2026-05-17 (POST): 6 séance(s)
01:10:03 [UGC]     Jour 2026-05-18 (POST): 4 séance(s)
01:10:04 [UGC]     Jour 2026-05-19 (POST): 4 séance(s)
01:10:04 [UGC]   ✓ "POUR LE PLAISIR" — 35 séance(s)
01:10:09 [UGC]     Film 18178 cinéma 14: regionId=3000, auto-POSTs=1
01:10:09 [UGC]     Film 18178: 2 jour(s) — 2026-05-18, 2026-05-19
01:10:09 [UGC]     Jour 2026-05-18 (auto): 1 séance(s)
01:10:09 [UGC]     Jour 2026-05-19 (POST): 1 séance(s)
01:10:09 [UGC]   ✓ "TRENTE" — 2 séance(s)
01:10:15 [UGC]     Film 17477 cinéma 14: regionId=3000, auto-POSTs=1
01:10:15 [UGC]     Film 17477: 7 jour(s) — 2026-05-20, 2026-05-21, 2026-05-22, 2026-05-23, 2026-05-24, 2026-05-25, 2026-05-26
01:10:15 [UGC]     Jour 2026-05-20 (auto): 4 séance(s)
01:10:15 [UGC]     Jour 2026-05-21 (POST): 3 séance(s)
01:10:16 [UGC]     Jour 2026-05-22 (POST): 3 séance(s)
01:10:16 [UGC]     Jour 2026-05-23 (POST): 3 séance(s)
01:10:16 [UGC]     Jour 2026-05-24 (POST): 4 séance(s)
01:10:17 [UGC]     Jour 2026-05-25 (POST): 3 séance(s)
01:10:17 [UGC]     Jour 2026-05-26 (POST): 3 séance(s)
01:10:17 [UGC]   ✓ "STAR WARS: THE MANDALORIAN AND GROGU" — 23 séance(s)
01:10:22 [UGC]     Film 17562 cinéma 14: regionId=3000, auto-POSTs=1
01:10:22 [UGC]     Film 17562: 1 jour(s) — 2026-05-28
01:10:22 [UGC]     Jour 2026-05-28 (auto): 1 séance(s)
01:10:22 [UGC]   ✓ "LA FLÛTE ENCHANTÉE (THE ROYAL OPERA)" — 1 séance(s)
01:10:27 [UGC]     Film 18004 cinéma 14: regionId=3000, auto-POSTs=0
01:10:27 [UGC]     Film 18004: 7 jour(s) — 2026-05-12, 2026-05-13, 2026-05-14, 2026-05-15, 2026-05-16, 2026-05-17, 2026-05-18
01:10:27 [UGC]     Jour 2026-05-12 (POST): 0 séance(s)
01:10:28 [UGC]     Jour 2026-05-13 (POST): 0 séance(s)
01:10:28 [UGC]     Jour 2026-05-14 (POST): 0 séance(s)
01:10:28 [UGC]     Jour 2026-05-15 (POST): 0 séance(s)
01:10:29 [UGC]     Jour 2026-05-16 (POST): 0 séance(s)
01:10:29 [UGC]     Jour 2026-05-17 (POST): 0 séance(s)
01:10:29 [UGC]     Jour 2026-05-18 (POST): 0 séance(s)
01:10:29 [UGC]   ⏭  Film "SANTA - LE CONCERT AU CINEMA" ignoré (0 séances)
01:10:32 [UGC] 🚦 429 Too Many Requests — pause 60s avant retry…
01:11:32 [UGC] ⚠️  Échec tentative 1/3 — métadonnées film film_hamlet_comedie_francaise__18163.html — retry dans 5s
01:11:39 [UGC]     Film 18163 cinéma 14: regionId=3000, auto-POSTs=0
01:11:39 [UGC]     Film 18163: 7 jour(s) — 2026-05-12, 2026-05-13, 2026-05-14, 2026-05-15, 2026-05-16, 2026-05-17, 2026-05-18
01:11:39 [UGC]     Jour 2026-05-12 (POST): 0 séance(s)
01:11:40 [UGC]     Jour 2026-05-13 (POST): 0 séance(s)
01:11:40 [UGC]     Jour 2026-05-14 (POST): 0 séance(s)
01:11:40 [UGC]     Jour 2026-05-15 (POST): 0 séance(s)
01:11:41 [UGC]     Jour 2026-05-16 (POST): 0 séance(s)
01:11:41 [UGC]     Jour 2026-05-17 (POST): 0 séance(s)
01:11:41 [UGC]     Jour 2026-05-18 (POST): 0 séance(s)
01:11:41 [UGC]   ⏭  Film "HAMLET (COMEDIE-FRANCAISE)" ignoré (0 séances)
01:11:41 [UGC]   → Cinéma terminé (11 films retenus)
01:11:41 [UGC] 
▶ Cinéma : UGC Rotonde (id=15)
01:11:44 [UGC] 🚦 429 Too Many Requests — pause 60s avant retry…
01:12:44 [UGC] ⚠️  Échec tentative 1/3 — détails cinéma 15 — retry dans 5s
01:12:49 [UGC] 🚦 429 Too Many Requests — pause 60s avant retry…
